parmake_sub_00: started pmake_worker()
parmake_sub_00: Listening for job
parmake_sub_00: got job: (<function parmake_job2 at 0x7f06f07b5830>, ('autogenerated.book.yaml-00-overview-84d52a04-2c5dcd6e-source_info', <compmake.context.Context object at 0x7f06e775d050>, '139667636202448', False))
parmake_sub_00: result: {'user_object': None, 'user_object_deps': set(), 'new_jobs': [], 'deleted_jobs': set()}
parmake_sub_00: putting result in result_queue..
parmake_sub_00: (done)
parmake_sub_00: ...done.
parmake_sub_00: Listening for job
parmake_sub_00: got job: (<function parmake_job2 at 0x7f06f07b5830>, ('autogenerated.book.yaml-30-pi-led-87951e8f-e82e395f', <compmake.context.Context object at 0x7f06e7b41a90>, '139667636202448', False))
parmake_sub_00: result: {'user_object': None, 'user_object_deps': set(), 'new_jobs': [], 'deleted_jobs': set()}
parmake_sub_00: putting result in result_queue..
parmake_sub_00: (done)
parmake_sub_00: ...done.
parmake_sub_00: Listening for job
parmake_sub_00: got job: (<function parmake_job2 at 0x7f06f07b5830>, ('autogenerated.book.yaml-00-overview-c96537d0-911c4aba', <compmake.context.Context object at 0x7f06e773c9d0>, '139667636202448', False))
parmake_sub_00: result: {'user_object': None, 'user_object_deps': set(), 'new_jobs': [], 'deleted_jobs': set()}
parmake_sub_00: putting result in result_queue..
parmake_sub_00: (done)
parmake_sub_00: ...done.
parmake_sub_00: Listening for job
parmake_sub_00: got job: (<function parmake_job2 at 0x7f06f07b5830>, ('autogenerated.book.yaml-00-overview-ab501e27-d867cb5f-source_info', <compmake.context.Context object at 0x7f06e773cf10>, '139667636202448', False))
parmake_sub_00: result: {'user_object': None, 'user_object_deps': set(), 'new_jobs': [], 'deleted_jobs': set()}
parmake_sub_00: putting result in result_queue..
parmake_sub_00: (done)
parmake_sub_00: ...done.
parmake_sub_00: Listening for job
parmake_sub_00: got job: (<function parmake_job2 at 0x7f06f07b5830>, ('autogenerated.book.yaml-00-overview-82092bed-a2734d31-source_info', <compmake.context.Context object at 0x7f06e7327190>, '139667636202448', False))
parmake_sub_00: result: {'user_object': None, 'user_object_deps': set(), 'new_jobs': [], 'deleted_jobs': set()}
parmake_sub_00: putting result in result_queue..
parmake_sub_00: (done)
parmake_sub_00: ...done.
parmake_sub_00: Listening for job
parmake_sub_00: got job: (<function parmake_job2 at 0x7f06f07b5830>, ('autogenerated.book.yaml-10-camera-images-5e71630e-5a9b6499-source_info', <compmake.context.Context object at 0x7f06e77329d0>, '139667636202448', False))
parmake_sub_00: result: {'user_object': None, 'user_object_deps': set(), 'new_jobs': [], 'deleted_jobs': set()}
parmake_sub_00: putting result in result_queue..
parmake_sub_00: (done)
parmake_sub_00: ...done.
parmake_sub_00: Listening for job
parmake_sub_00: got job: (<function parmake_job2 at 0x7f06f07b5830>, ('autogenerated.book.yaml-30-soldering-troubleshooting-e48e0882-a7e67219', <compmake.context.Context object at 0x7f06e7732a10>, '139667636202448', False))
parmake_sub_00: result: {'user_object': None, 'user_object_deps': set(), 'new_jobs': [], 'deleted_jobs': set()}
parmake_sub_00: putting result in result_queue..
parmake_sub_00: (done)
parmake_sub_00: ...done.
parmake_sub_00: Listening for job
parmake_sub_00: got job: (<function parmake_job2 at 0x7f06f07b5830>, ('autogenerated.book.yaml-00-overview-4db17384-3ac31425', <compmake.context.Context object at 0x7f06e707dd50>, '139667636202448', False))
parmake_sub_00: result: {'user_object': None, 'user_object_deps': set(), 'new_jobs': [], 'deleted_jobs': set()}
parmake_sub_00: putting result in result_queue..
parmake_sub_00: (done)
parmake_sub_00: ...done.
parmake_sub_00: Listening for job
parmake_sub_00: got job: (<function parmake_job2 at 0x7f06f07b5830>, ('autogenerated.book.yaml-00-overview-234fe16d-ef5dd45c', <compmake.context.Context object at 0x7f06e7347e50>, '139667636202448', False))
parmake_sub_00: result: {'user_object': None, 'user_object_deps': set(), 'new_jobs': [], 'deleted_jobs': set()}
parmake_sub_00: putting result in result_queue..
parmake_sub_00: (done)
parmake_sub_00: ...done.
parmake_sub_00: Listening for job
parmake_sub_00: got job: (<function parmake_job2 at 0x7f06f07b5830>, ('autogenerated.book.yaml-00-overview-7683812d-e1604588-source_info', <compmake.context.Context object at 0x7f06e7340110>, '139667636202448', False))
parmake_sub_00: result: {'user_object': None, 'user_object_deps': set(), 'new_jobs': [], 'deleted_jobs': set()}
parmake_sub_00: putting result in result_queue..
parmake_sub_00: (done)
parmake_sub_00: ...done.
parmake_sub_00: Listening for job
parmake_sub_00: got job: (<function parmake_job2 at 0x7f06f07b5830>, ('autogenerated.book.yaml-00-overview-de93b7b0-95967c05', <compmake.context.Context object at 0x7f06e734c250>, '139667636202448', False))
parmake_sub_00: result: {'user_object': None, 'user_object_deps': set(), 'new_jobs': [], 'deleted_jobs': set()}
parmake_sub_00: putting result in result_queue..
parmake_sub_00: (done)
parmake_sub_00: ...done.
parmake_sub_00: Listening for job
parmake_sub_00: got job: (<function parmake_job2 at 0x7f06f07b5830>, ('autogenerated.book.yaml-30-curriculum-student-f97f2c55-0f50f7f7', <compmake.context.Context object at 0x7f06e734c090>, '139667636202448', False))
parmake_sub_00: result: {'user_object': None, 'user_object_deps': set(), 'new_jobs': [], 'deleted_jobs': set()}
parmake_sub_00: putting result in result_queue..
parmake_sub_00: (done)
parmake_sub_00: ...done.
parmake_sub_00: Listening for job
parmake_sub_00: got job: (<function parmake_job2 at 0x7f06f07b5830>, ('autogenerated.book.yaml-20-sensing-reading-3a0d2cc4-d262136a-source_info', <compmake.context.Context object at 0x7f06e7334ed0>, '139667636202448', False))
parmake_sub_00: result: {'user_object': None, 'user_object_deps': set(), 'new_jobs': [], 'deleted_jobs': set()}
parmake_sub_00: putting result in result_queue..
parmake_sub_00: (done)
parmake_sub_00: ...done.
parmake_sub_00: Listening for job
parmake_sub_00: got job: (<function parmake_job2 at 0x7f06f07b5830>, ('autogenerated.book.yaml-00-overview-f563a989-b3b6ab0d', <compmake.context.Context object at 0x7f06e757bb50>, '139667636202448', False))
parmake_sub_00: result: {'user_object': None, 'user_object_deps': set(), 'new_jobs': [], 'deleted_jobs': set()}
parmake_sub_00: putting result in result_queue..
parmake_sub_00: (done)
parmake_sub_00: ...done.
parmake_sub_00: Listening for job
parmake_sub_00: got job: (<function parmake_job2 at 0x7f06f07b5830>, ('autogenerated.book.yaml-00-overview-4db17384-3ac31425-source_info', <compmake.context.Context object at 0x7f06e757bfd0>, '139667636202448', False))
parmake_sub_00: result: {'user_object': None, 'user_object_deps': set(), 'new_jobs': [], 'deleted_jobs': set()}
parmake_sub_00: putting result in result_queue..
parmake_sub_00: (done)
parmake_sub_00: ...done.
parmake_sub_00: Listening for job
parmake_sub_00: got job: (<function parmake_job2 at 0x7f06f07b5830>, ('autogenerated.book.yaml-get_cross_refs', <compmake.context.Context object at 0x7f06e6fe1750>, '139667636202448', False))
parmake_sub_00: result: {'user_object': None, 'user_object_deps': set(), 'new_jobs': [], 'deleted_jobs': set()}
parmake_sub_00: putting result in result_queue..
parmake_sub_00: (done)
parmake_sub_00: ...done.
parmake_sub_00: Listening for job
parmake_sub_00: got job: (<function parmake_job2 at 0x7f06f07b5830>, ('autogenerated.book.yaml-bibliography-edfa9df2', <compmake.context.Context object at 0x7f06e6fe1b10>, '139667636202448', False))
parmake_sub_00: result: {'user_object': None, 'user_object_deps': set(), 'new_jobs': [], 'deleted_jobs': set()}
parmake_sub_00: putting result in result_queue..
parmake_sub_00: (done)
parmake_sub_00: ...done.
parmake_sub_00: Listening for job
parmake_sub_00: got job: (<function parmake_job2 at 0x7f06f07b5830>, ('autogenerated.book.yaml-00-overview-0b9b060d-63fcbec3-source_info', <compmake.context.Context object at 0x7f06e6fe41d0>, '139667636202448', False))
parmake_sub_00: result: {'user_object': None, 'user_object_deps': set(), 'new_jobs': [], 'deleted_jobs': set()}
parmake_sub_00: putting result in result_queue..
parmake_sub_00: (done)
parmake_sub_00: ...done.
parmake_sub_00: Listening for job
parmake_sub_00: got job: (<function parmake_job2 at 0x7f06f07b5830>, ('autogenerated.book.yaml-00-overview-8b2ef11d-221e259c', <compmake.context.Context object at 0x7f06e566e550>, '139667636202448', False))
parmake_sub_00: result: {'user_object': None, 'user_object_deps': set(), 'new_jobs': [], 'deleted_jobs': set()}
parmake_sub_00: putting result in result_queue..
parmake_sub_00: (done)
parmake_sub_00: ...done.
parmake_sub_00: Listening for job
parmake_sub_00: got job: (<function parmake_job2 at 0x7f06f07b5830>, ('autogenerated.book.yaml-20-soldering-skill-663c0c50-2825a778-source_info', <compmake.context.Context object at 0x7f06e5633950>, '139667636202448', False))
parmake_sub_00: result: {'user_object': None, 'user_object_deps': set(), 'new_jobs': [], 'deleted_jobs': set()}
parmake_sub_00: putting result in result_queue..
parmake_sub_00: (done)
parmake_sub_00: ...done.
parmake_sub_00: Listening for job
parmake_sub_00: got job: (<function parmake_job2 at 0x7f06f07b5830>, ('autogenerated.book.yaml-10-duckiesky-bibliography-0cfa9c61-98eabf2e', <compmake.context.Context object at 0x7f06e55c2890>, '139667636202448', False))
parmake_sub_00: result: {'user_object': None, 'user_object_deps': set(), 'new_jobs': [], 'deleted_jobs': set()}
parmake_sub_00: putting result in result_queue..
parmake_sub_00: (done)
parmake_sub_00: ...done.
parmake_sub_00: Listening for job
parmake_sub_00: got job: (<function parmake_job2 at 0x7f06f07b5830>, ('autogenerated.book.yaml-10-ros-intro-4099a3f6-1a450ce8-source_info', <compmake.context.Context object at 0x7f06e55c26d0>, '139667636202448', False))
parmake_sub_00: result: {'user_object': None, 'user_object_deps': set(), 'new_jobs': [], 'deleted_jobs': set()}
parmake_sub_00: putting result in result_queue..
parmake_sub_00: (done)
parmake_sub_00: ...done.
parmake_sub_00: Listening for job
parmake_sub_00: got job: (<function parmake_job2 at 0x7f06f07b5830>, ('autogenerated.book.yaml-00-overview-2e6cb686-81960f5e-source_info', <compmake.context.Context object at 0x7f06e55dbe50>, '139667636202448', False))
parmake_sub_00: result: {'user_object': None, 'user_object_deps': set(), 'new_jobs': [], 'deleted_jobs': set()}
parmake_sub_00: putting result in result_queue..
parmake_sub_00: (done)
parmake_sub_00: ...done.
parmake_sub_00: Listening for job
parmake_sub_00: got job: (<function parmake_job2 at 0x7f06f07b5830>, ('autogenerated.book.yaml-00-overview-36b7836c-7b0978e9-source_info', <compmake.context.Context object at 0x7f06e55e2dd0>, '139667636202448', False))
parmake_sub_00: result: {'user_object': None, 'user_object_deps': set(), 'new_jobs': [], 'deleted_jobs': set()}
parmake_sub_00: putting result in result_queue..
parmake_sub_00: (done)
parmake_sub_00: ...done.
parmake_sub_00: Listening for job
parmake_sub_00: got job: (<function parmake_job2 at 0x7f06f07b5830>, ('autogenerated.book.yaml-00-overview-e3ac6a07-ab1210b9', <compmake.context.Context object at 0x7f06e55e2f10>, '139667636202448', False))
parmake_sub_00: result: {'user_object': None, 'user_object_deps': set(), 'new_jobs': [], 'deleted_jobs': set()}
parmake_sub_00: putting result in result_queue..
parmake_sub_00: (done)
parmake_sub_00: ...done.
parmake_sub_00: Listening for job
parmake_sub_00: got job: (<function parmake_job2 at 0x7f06f07b5830>, ('autogenerated.book.yaml-20-teacher-template-3bb94875-a1ecb7e9', <compmake.context.Context object at 0x7f06e55e2bd0>, '139667636202448', False))
parmake_sub_00: result: {'user_object': None, 'user_object_deps': set(), 'new_jobs': [], 'deleted_jobs': set()}
parmake_sub_00: putting result in result_queue..
parmake_sub_00: (done)
parmake_sub_00: ...done.
parmake_sub_00: Listening for job
parmake_sub_00: got job: (<function parmake_job2 at 0x7f06f07b5830>, ('autogenerated.book.yaml-20-circuitry-voltage-04ade0e4-6f1978c6-source_info', <compmake.context.Context object at 0x7f06e565fa10>, '139667636202448', False))
parmake_sub_00: result: {'user_object': None, 'user_object_deps': set(), 'new_jobs': [], 'deleted_jobs': set()}
parmake_sub_00: putting result in result_queue..
parmake_sub_00: (done)
parmake_sub_00: ...done.
parmake_sub_00: Listening for job
parmake_sub_00: got job: (<function parmake_job2 at 0x7f06f07b5830>, ('autogenerated.book.yaml-00-overview-2c08751f-ce611453-source_info', <compmake.context.Context object at 0x7f06e732fa10>, '139667636202448', False))
parmake_sub_00: result: {'user_object': None, 'user_object_deps': set(), 'new_jobs': [], 'deleted_jobs': set()}
parmake_sub_00: putting result in result_queue..
parmake_sub_00: (done)
parmake_sub_00: ...done.
parmake_sub_00: Listening for job
parmake_sub_00: got job: (<function parmake_job2 at 0x7f06f07b5830>, ('autogenerated.book.yaml-00-overview-8b2ef11d-221e259c-source_info', <compmake.context.Context object at 0x7f06e732fa90>, '139667636202448', False))
parmake_sub_00: result: {'user_object': None, 'user_object_deps': set(), 'new_jobs': [], 'deleted_jobs': set()}
parmake_sub_00: putting result in result_queue..
parmake_sub_00: (done)
parmake_sub_00: ...done.
parmake_sub_00: Listening for job
parmake_sub_00: got job: (<function parmake_job2 at 0x7f06f07b5830>, ('autogenerated.book.yaml-00-overview-c53269a4-e180c99f-source_info', <compmake.context.Context object at 0x7f06e732f410>, '139667636202448', False))
parmake_sub_00: result: {'user_object': None, 'user_object_deps': set(), 'new_jobs': [], 'deleted_jobs': set()}
parmake_sub_00: putting result in result_queue..
parmake_sub_00: (done)
parmake_sub_00: ...done.
parmake_sub_00: Listening for job
parmake_sub_00: got job: (<function parmake_job2 at 0x7f06f07b5830>, ('autogenerated.book.yaml-00-overview-7683812d-e1604588', <compmake.context.Context object at 0x7f06e7345d50>, '139667636202448', False))
parmake_sub_00: result: {'user_object': None, 'user_object_deps': set(), 'new_jobs': [], 'deleted_jobs': set()}
parmake_sub_00: putting result in result_queue..
parmake_sub_00: (done)
parmake_sub_00: ...done.
parmake_sub_00: Listening for job
parmake_sub_00: got job: (<function parmake_job2 at 0x7f06f07b5830>, ('autogenerated.book.yaml-00-overview-4ae317cf-c22c2356', <compmake.context.Context object at 0x7f06f1989450>, '139667636202448', False))
parmake_sub_00: result: {'user_object': None, 'user_object_deps': set(), 'new_jobs': [], 'deleted_jobs': set()}
parmake_sub_00: putting result in result_queue..
parmake_sub_00: (done)
parmake_sub_00: ...done.
parmake_sub_00: Listening for job
parmake_sub_00: got job: (<function parmake_job2 at 0x7f06f07b5830>, ('autogenerated.book.yaml-30-pid-implementation-29e09e33-7110074f-source_info', <compmake.context.Context object at 0x7f06e5583bd0>, '139667636202448', False))
parmake_sub_00: result: {'user_object': None, 'user_object_deps': set(), 'new_jobs': [], 'deleted_jobs': set()}
parmake_sub_00: putting result in result_queue..
parmake_sub_00: (done)
parmake_sub_00: ...done.
parmake_sub_00: Listening for job
parmake_sub_00: got job: (<function parmake_job2 at 0x7f06f07b5830>, ('autogenerated.book.yaml-00-overview-ab501e27-d867cb5f', <compmake.context.Context object at 0x7f06e734c350>, '139667636202448', False))
parmake_sub_00: result: {'user_object': None, 'user_object_deps': set(), 'new_jobs': [], 'deleted_jobs': set()}
parmake_sub_00: putting result in result_queue..
parmake_sub_00: (done)
parmake_sub_00: ...done.
parmake_sub_00: Listening for job
parmake_sub_00: got job: (<function parmake_job2 at 0x7f06f07b5830>, ('autogenerated.book.yaml-10-motors-intro-289d25eb-f08a7565', <compmake.context.Context object at 0x7f06e765e610>, '139667636202448', False))
parmake_sub_00: result: {'user_object': None, 'user_object_deps': set(), 'new_jobs': [], 'deleted_jobs': set()}
parmake_sub_00: putting result in result_queue..
parmake_sub_00: (done)
parmake_sub_00: ...done.
parmake_sub_00: Listening for job
parmake_sub_00: got job: (<function parmake_job2 at 0x7f06f07b5830>, ('autogenerated.book.yaml-20-pid-terms-a8df3092-e1fad449', <compmake.context.Context object at 0x7f06e765ea50>, '139667636202448', False))
parmake_sub_00: result: {'user_object': None, 'user_object_deps': set(), 'new_jobs': [], 'deleted_jobs': set()}
parmake_sub_00: putting result in result_queue..
parmake_sub_00: (done)
parmake_sub_00: ...done.
parmake_sub_00: Listening for job
parmake_sub_00: got job: (<function parmake_job2 at 0x7f06f07b5830>, ('autogenerated.book.yaml-00-overview-4ae317cf-c22c2356-source_info', <compmake.context.Context object at 0x7f06e765e650>, '139667636202448', False))
parmake_sub_00: result: {'user_object': None, 'user_object_deps': set(), 'new_jobs': [], 'deleted_jobs': set()}
parmake_sub_00: putting result in result_queue..
parmake_sub_00: (done)
parmake_sub_00: ...done.
parmake_sub_00: Listening for job
parmake_sub_00: got job: (<function parmake_job2 at 0x7f06f07b5830>, ('autogenerated.book.yaml-00-overview-26e96937-cb0dc094-source_info', <compmake.context.Context object at 0x7f06e704bd10>, '139667636202448', False))
parmake_sub_00: result: {'user_object': None, 'user_object_deps': set(), 'new_jobs': [], 'deleted_jobs': set()}
parmake_sub_00: putting result in result_queue..
parmake_sub_00: (done)
parmake_sub_00: ...done.
parmake_sub_00: Listening for job
parmake_sub_00: got job: (<function parmake_job2 at 0x7f06f07b5830>, ('autogenerated.book.yaml-20-camera-localization-62fc0f4f-b69ee7c6', <compmake.context.Context object at 0x7f06e718ced0>, '139667636202448', False))
parmake_sub_00: result: {'user_object': None, 'user_object_deps': set(), 'new_jobs': [], 'deleted_jobs': set()}
parmake_sub_00: putting result in result_queue..
parmake_sub_00: (done)
parmake_sub_00: ...done.
parmake_sub_00: Listening for job
parmake_sub_00: got job: (<function parmake_job2 at 0x7f06f07b5830>, ('autogenerated.book.yaml-10-circuitry-simple-9d7638aa-72b6612f-source_info', <compmake.context.Context object at 0x7f06e76f0f50>, '139667636202448', False))
parmake_sub_00: result: {'user_object': None, 'user_object_deps': set(), 'new_jobs': [], 'deleted_jobs': set()}
parmake_sub_00: putting result in result_queue..
parmake_sub_00: (done)
parmake_sub_00: ...done.
parmake_sub_00: Listening for job
parmake_sub_00: got job: (<function parmake_job2 at 0x7f06f07b5830>, ('autogenerated.book.yaml-30-circuitry-signals-624988d1-ce99fab7', <compmake.context.Context object at 0x7f06e7281ed0>, '139667636202448', False))
parmake_sub_00: result: {'user_object': None, 'user_object_deps': set(), 'new_jobs': [], 'deleted_jobs': set()}
parmake_sub_00: putting result in result_queue..
parmake_sub_00: (done)
parmake_sub_00: ...done.
parmake_sub_00: Listening for job
parmake_sub_00: got job: (<function parmake_job2 at 0x7f06f07b5830>, ('autogenerated.book.yaml-00-overview-2c6d3111-1d1b0e47-source_info', <compmake.context.Context object at 0x7f06e7286090>, '139667636202448', False))
parmake_sub_00: result: {'user_object': None, 'user_object_deps': set(), 'new_jobs': [], 'deleted_jobs': set()}
parmake_sub_00: putting result in result_queue..
parmake_sub_00: (done)
parmake_sub_00: ...done.
parmake_sub_00: Listening for job
parmake_sub_00: got job: (<function parmake_job2 at 0x7f06f07b5830>, ('autogenerated.book.yaml-20-circuitry-voltage-04ade0e4-6f1978c6', <compmake.context.Context object at 0x7f06e7273bd0>, '139667636202448', False))
parmake_sub_00: result: {'user_object': None, 'user_object_deps': set(), 'new_jobs': [], 'deleted_jobs': set()}
parmake_sub_00: putting result in result_queue..
parmake_sub_00: (done)
parmake_sub_00: ...done.
parmake_sub_00: Listening for job
parmake_sub_00: got job: (<function parmake_job2 at 0x7f06f07b5830>, ('autogenerated.book.yaml-00-overview-2c08751f-ce611453', <compmake.context.Context object at 0x7f06e7291990>, '139667636202448', False))
parmake_sub_00: result: {'user_object': None, 'user_object_deps': set(), 'new_jobs': [], 'deleted_jobs': set()}
parmake_sub_00: putting result in result_queue..
parmake_sub_00: (done)
parmake_sub_00: ...done.
parmake_sub_00: Listening for job
parmake_sub_00: got job: (<function parmake_job2 at 0x7f06f07b5830>, ('autogenerated.book.yaml-00-overview-67405966-af44073d-source_info', <compmake.context.Context object at 0x7f06e5664090>, '139667636202448', False))
parmake_sub_00: result: {'user_object': None, 'user_object_deps': set(), 'new_jobs': [], 'deleted_jobs': set()}
parmake_sub_00: putting result in result_queue..
parmake_sub_00: (done)
parmake_sub_00: ...done.
parmake_sub_00: Listening for job
parmake_sub_00: got job: (<function parmake_job2 at 0x7f06f07b5830>, ('autogenerated.book.yaml-00-overview-4c67d005-533bb714', <compmake.context.Context object at 0x7f06e5664110>, '139667636202448', False))
parmake_sub_00: result: {'user_object': None, 'user_object_deps': set(), 'new_jobs': [], 'deleted_jobs': set()}
parmake_sub_00: putting result in result_queue..
parmake_sub_00: (done)
parmake_sub_00: ...done.
parmake_sub_00: Listening for job
parmake_sub_00: got job: (<function parmake_job2 at 0x7f06f07b5830>, ('autogenerated.book.yaml-10-sensing-calibration-5772a104-0b1e82f6', <compmake.context.Context object at 0x7f06e5664090>, '139667636202448', False))
parmake_sub_00: result: {'user_object': None, 'user_object_deps': set(), 'new_jobs': [], 'deleted_jobs': set()}
parmake_sub_00: putting result in result_queue..
parmake_sub_00: (done)
parmake_sub_00: ...done.
parmake_sub_00: Listening for job
parmake_sub_00: got job: (<function parmake_job2 at 0x7f06f07b5830>, ('autogenerated.book.yaml-00-overview-4c67d005-533bb714-source_info', <compmake.context.Context object at 0x7f06e5664510>, '139667636202448', False))
parmake_sub_00: result: {'user_object': None, 'user_object_deps': set(), 'new_jobs': [], 'deleted_jobs': set()}
parmake_sub_00: putting result in result_queue..
parmake_sub_00: (done)
parmake_sub_00: ...done.
parmake_sub_00: Listening for job
parmake_sub_00: got job: (<function parmake_job2 at 0x7f06f07b5830>, ('autogenerated.book.yaml-10-soldering-introduction-928b071d-cdb98cc6-source_info', <compmake.context.Context object at 0x7f06e7582d10>, '139667636202448', False))
parmake_sub_00: result: {'user_object': None, 'user_object_deps': set(), 'new_jobs': [], 'deleted_jobs': set()}
parmake_sub_00: putting result in result_queue..
parmake_sub_00: (done)
parmake_sub_00: ...done.
parmake_sub_00: Listening for job
parmake_sub_00: got job: (<function parmake_job2 at 0x7f06f07b5830>, ('autogenerated.book.yaml-20-pid-terms-a8df3092-e1fad449-source_info', <compmake.context.Context object at 0x7f06e7c4dfd0>, '139667636202448', False))
parmake_sub_00: result: {'user_object': None, 'user_object_deps': set(), 'new_jobs': [], 'deleted_jobs': set()}
parmake_sub_00: putting result in result_queue..
parmake_sub_00: (done)
parmake_sub_00: ...done.
parmake_sub_00: Listening for job
parmake_sub_00: got job: (<function parmake_job2 at 0x7f06f07b5830>, ('autogenerated.book.yaml-10-pi-networking-f9be910d-78d054af-source_info', <compmake.context.Context object at 0x7f06e55f8210>, '139667636202448', False))
parmake_sub_00: result: {'user_object': None, 'user_object_deps': set(), 'new_jobs': [], 'deleted_jobs': set()}
parmake_sub_00: putting result in result_queue..
parmake_sub_00: (done)
parmake_sub_00: ...done.
parmake_sub_00: Listening for job
parmake_sub_00: got job: (<function parmake_job2 at 0x7f06f07b5830>, ('autogenerated.book.yaml-10-camera-images-5e71630e-5a9b6499', <compmake.context.Context object at 0x7f06e5750790>, '139667636202448', False))
parmake_sub_00: result: {'user_object': None, 'user_object_deps': set(), 'new_jobs': [], 'deleted_jobs': set()}
parmake_sub_00: putting result in result_queue..
parmake_sub_00: (done)
parmake_sub_00: ...done.
parmake_sub_00: Listening for job
parmake_sub_00: got job: (<function parmake_job2 at 0x7f06f07b5830>, ('autogenerated.book.yaml-20-sensing-reading-3a0d2cc4-d262136a', <compmake.context.Context object at 0x7f06e72634d0>, '139667636202448', False))
parmake_sub_00: result: {'user_object': None, 'user_object_deps': set(), 'new_jobs': [], 'deleted_jobs': set()}
parmake_sub_00: putting result in result_queue..
parmake_sub_00: (done)
parmake_sub_00: ...done.
parmake_sub_00: Listening for job
parmake_sub_00: got job: (<function parmake_job2 at 0x7f06f07b5830>, ('autogenerated.book.yaml-00-overview-80a8e11a-4da1a0bf-source_info', <compmake.context.Context object at 0x7f06e728f150>, '139667636202448', False))
parmake_sub_00: result: {'user_object': None, 'user_object_deps': set(), 'new_jobs': [], 'deleted_jobs': set()}
parmake_sub_00: putting result in result_queue..
parmake_sub_00: (done)
parmake_sub_00: ...done.
parmake_sub_00: Listening for job
parmake_sub_00: got job: (<function parmake_job2 at 0x7f06f07b5830>, ('autogenerated.book.yaml-10-operation-sensors-2f045de8-bda942c8', <compmake.context.Context object at 0x7f06e575ec10>, '139667636202448', False))
parmake_sub_00: result: {'user_object': None, 'user_object_deps': set(), 'new_jobs': [], 'deleted_jobs': set()}
parmake_sub_00: putting result in result_queue..
parmake_sub_00: (done)
parmake_sub_00: ...done.
parmake_sub_00: Listening for job
parmake_sub_00: got job: (<function parmake_job2 at 0x7f06f07b5830>, ('autogenerated.book.yaml-00-overview-1eb9016b-bbe461a1-source_info', <compmake.context.Context object at 0x7f06e5748ad0>, '139667636202448', False))
parmake_sub_00: result: {'user_object': None, 'user_object_deps': set(), 'new_jobs': [], 'deleted_jobs': set()}
parmake_sub_00: putting result in result_queue..
parmake_sub_00: (done)
parmake_sub_00: ...done.
parmake_sub_00: Listening for job
parmake_sub_00: got job: (<function parmake_job2 at 0x7f06f07b5830>, ('autogenerated.book.yaml-00-overview-e3ac6a07-ab1210b9-source_info', <compmake.context.Context object at 0x7f06e5748ed0>, '139667636202448', False))
parmake_sub_00: result: {'user_object': None, 'user_object_deps': set(), 'new_jobs': [], 'deleted_jobs': set()}
parmake_sub_00: putting result in result_queue..
parmake_sub_00: (done)
parmake_sub_00: ...done.
parmake_sub_00: Listening for job
parmake_sub_00: got job: (<function parmake_job2 at 0x7f06f07b5830>, ('autogenerated.book.yaml-10-basics-sensors-bba4f3bd-44afe265-source_info', <compmake.context.Context object at 0x7f06e734c950>, '139667636202448', False))
parmake_sub_00: result: {'user_object': None, 'user_object_deps': set(), 'new_jobs': [], 'deleted_jobs': set()}
parmake_sub_00: putting result in result_queue..
parmake_sub_00: (done)
parmake_sub_00: ...done.
parmake_sub_00: Listening for job
parmake_sub_00: got job: (<function parmake_job2 at 0x7f06f07b5830>, ('autogenerated.book.yaml-00-overview-f563a989-b3b6ab0d-source_info', <compmake.context.Context object at 0x7f06e55abe10>, '139667636202448', False))
parmake_sub_00: result: {'user_object': None, 'user_object_deps': set(), 'new_jobs': [], 'deleted_jobs': set()}
parmake_sub_00: putting result in result_queue..
parmake_sub_00: (done)
parmake_sub_00: ...done.
parmake_sub_00: Listening for job
parmake_sub_00: got job: (<function parmake_job2 at 0x7f06f07b5830>, ('autogenerated.book.yaml-00-index-3bef1d09-c6286424', <compmake.context.Context object at 0x7f06e65221d0>, '139667636202448', False))
parmake_sub_00: result: {'user_object': None, 'user_object_deps': set(), 'new_jobs': [], 'deleted_jobs': set()}
parmake_sub_00: putting result in result_queue..
parmake_sub_00: (done)
parmake_sub_00: ...done.
parmake_sub_00: Listening for job
parmake_sub_00: got job: (<function parmake_job2 at 0x7f06f07b5830>, ('autogenerated.book.yaml-20-soldering-skill-663c0c50-2825a778', <compmake.context.Context object at 0x7f06e55d3e50>, '139667636202448', False))
parmake_sub_00: result: {'user_object': None, 'user_object_deps': set(), 'new_jobs': [], 'deleted_jobs': set()}
parmake_sub_00: putting result in result_queue..
parmake_sub_00: (done)
parmake_sub_00: ...done.
parmake_sub_00: Listening for job
parmake_sub_00: got job: (<function parmake_job2 at 0x7f06f07b5830>, ('autogenerated.book.yaml-join-0-', <compmake.context.Context object at 0x7f06e55d3d50>, '139667636202448', False))
parmake_sub_00: result: {'user_object': None, 'user_object_deps': set(), 'new_jobs': [], 'deleted_jobs': set()}
parmake_sub_00: putting result in result_queue..
parmake_sub_00: (done)
parmake_sub_00: ...done.
parmake_sub_00: Listening for job
parmake_sub_00: got job: (<function parmake_job2 at 0x7f06f07b5830>, ('autogenerated.book.yaml-html_ready-mark_errors_and_rest', <compmake.context.Context object at 0x7f06e7290e50>, '139667636202448', False))
parmake_sub_00: result: {'user_object': None, 'user_object_deps': set(), 'new_jobs': [], 'deleted_jobs': set()}
parmake_sub_00: putting result in result_queue..
parmake_sub_00: (done)
parmake_sub_00: ...done.
parmake_sub_00: Listening for job
parmake_sub_00: got job: (<function parmake_job2 at 0x7f06f07b5830>, ('autogenerated.book.yaml-html_ready-add_style', <compmake.context.Context object at 0x7f06e734c950>, '139667636202448', False))
parmake_sub_00: result: {'user_object': None, 'user_object_deps': set(), 'new_jobs': [], 'deleted_jobs': set()}
parmake_sub_00: putting result in result_queue..
parmake_sub_00: (done)
parmake_sub_00: ...done.
parmake_sub_00: Listening for job
parmake_sub_00: got job: (<function parmake_job2 at 0x7f06f07b5830>, ('autogenerated.book.yaml-html_ready-get_extra_content', <compmake.context.Context object at 0x7f06e55e2d90>, '139667636202448', False))
parmake_sub_00: result: {'user_object': None, 'user_object_deps': set(), 'new_jobs': [], 'deleted_jobs': set()}
parmake_sub_00: putting result in result_queue..
parmake_sub_00: (done)
parmake_sub_00: ...done.
parmake_sub_00: Listening for job
parmake_sub_00: got job: (<function parmake_job2 at 0x7f06f07b5830>, ('autogenerated.book.yaml-html_ready-create_split_jobs', <compmake.context.Context object at 0x7f06e5479150>, '139667636202448', False))
parmake_sub_00: result: {'user_object': None, 'user_object_deps': {'autogenerated.book.yaml-html_ready-137e-notification', 'autogenerated.book.yaml-html_ready-137e-_dynreports_merge'}, 'new_jobs': {'autogenerated.book.yaml-html_ready-137e-notification', 'autogenerated.book.yaml-html_ready-137e-_dynreports_getres', 'autogenerated.book.yaml-html_ready-137e-_dynreports_merge', 'autogenerated.book.yaml-html_ready-137e-go_worker', 'autogenerated.book.yaml-html_ready-137e-context', 'autogenerated.book.yaml-html_ready-137e-_dynreports_getbra', 'autogenerated.book.yaml-html_ready-137e-download_reveal'}, 'deleted_jobs': set()}
parmake_sub_00: putting result in result_queue..
parmake_sub_00: (done)
parmake_sub_00: ...done.
parmake_sub_00: Listening for job
parmake_sub_00: got job: (<function parmake_job2 at 0x7f06f07b5830>, ('autogenerated.book.yaml-html_ready-137e-context', <compmake.context.Context object at 0x7f06e728f690>, '139667636202448', False))
parmake_sub_00: result: {'user_object': None, 'user_object_deps': set(), 'new_jobs': [], 'deleted_jobs': set()}
parmake_sub_00: putting result in result_queue..
parmake_sub_00: (done)
parmake_sub_00: ...done.
parmake_sub_00: Listening for job
parmake_sub_00: got job: (<function parmake_job2 at 0x7f06f07b5830>, ('autogenerated.book.yaml-html_ready-137e-go_worker', <compmake.context.Context object at 0x7f06e734c310>, '139667636202448', False))
parmake_sub_00: result: {'user_object': None, 'user_object_deps': {'autogenerated.book.yaml-html_ready-137e-wait_assets'}, 'new_jobs': {'autogenerated.book.yaml-html_ready-137e-introduction_relevance_history.html-e60887da-assets', 'autogenerated.book.yaml-html_ready-137e-electronics_circuitry_voltage.html-738079c0-assets', 'autogenerated.book.yaml-html_ready-137e-sac2_ros_publisher.html-411ebf38-assets', 'autogenerated.book.yaml-html_ready-137e-sac2_ros_intro.html-37c10bae-assets', 'autogenerated.book.yaml-html_ready-137e-electronics_circuitry_signals.html-9061a662-assets', 'autogenerated.book.yaml-html_ready-137e-electronics_circuitry_simple.html-f042d206-assets', 'autogenerated.book.yaml-html_ready-137e-introduction_relevance_society.html-ebe7fb21-assets', 'autogenerated.book.yaml-html_ready-137e-sac3_motors_intro.html-97fd96e4-assets', 'autogenerated.book.yaml-html_ready-137e-build2.html-a077b0d9-assets', 'autogenerated.book.yaml-html_ready-137e-sac1.html-642b2b0c-assets', 'autogenerated.book.yaml-html_ready-137e-introduction_template.html-2fcaf135-assets', 'autogenerated.book.yaml-html_ready-137e-bibliography.html-b3ef7cfc-assets', 'autogenerated.book.yaml-html_ready-137e-index.html-b1ad6629-assets', 'autogenerated.book.yaml-html_ready-137e-sac2.html-c96f9925-assets', 'autogenerated.book.yaml-html_ready-137e-loop_pid_terms.html-29a16c94-assets', 'autogenerated.book.yaml-html_ready-137e-electronics_soldering_skill.html-b5706afc-assets', 'autogenerated.book.yaml-html_ready-137e-loop_pid_intro.html-60d2ed06-assets', 'autogenerated.book.yaml-html_ready-137e-sac2_sensing_reading.html-82cc694d-assets', 'autogenerated.book.yaml-html_ready-137e-introduction_curriculum_student.html-9628fd63-assets', 'autogenerated.book.yaml-html_ready-137e-localization_camera_images.html-253bb47e-assets', 'autogenerated.book.yaml-html_ready-137e-pi_networking.html-ce98c875-assets', 'autogenerated.book.yaml-html_ready-137e-loop.html-b410bd2b-assets', 'autogenerated.book.yaml-html_ready-137e-build4.html-62212725-assets', 'autogenerated.book.yaml-html_ready-137e-introduction_curriculum_editing.html-ec1738a1-assets', 'autogenerated.book.yaml-html_ready-137e-electronics.html-9befc741-assets', 'autogenerated.book.yaml-html_ready-137e-sac2_ros_subscriber.html-61988a0f-assets', 'autogenerated.book.yaml-html_ready-137e-electronics_soldering_troubleshooting.html-4d79cfb9-assets', 'autogenerated.book.yaml-html_ready-137e-computing.html-801059b4-assets', 'autogenerated.book.yaml-html_ready-137e-sac3_imu_intro.html-266b71d9-assets', 'autogenerated.book.yaml-html_ready-137e-loop_pid_implementation.html-1a94d557-assets', 'autogenerated.book.yaml-html_ready-137e-sac2_sensing_calibration.html-7dee8f4b-assets', 'autogenerated.book.yaml-html_ready-137e-remove_spurious', 'autogenerated.book.yaml-html_ready-137e-introduction_operation_safety.html-70230477-assets', 'autogenerated.book.yaml-html_ready-137e-computing_pi_led.html-4bb77289-assets', 'autogenerated.book.yaml-html_ready-137e-computing_pi_bash.html-36ed2fef-assets', 'autogenerated.book.yaml-html_ready-137e-build1.html-74ae1990-assets', 'autogenerated.book.yaml-html_ready-137e-introduction.html-8164f221-assets', 'autogenerated.book.yaml-html_ready-137e-bibliography_part.html-47eed23e-assets', 'autogenerated.book.yaml-html_ready-137e-sac3.html-66dcb280-assets', 'autogenerated.book.yaml-html_ready-137e-introduction_operation_sensors.html-0a1c6852-assets', 'autogenerated.book.yaml-html_ready-137e-introduction_relevance_ethics.html-8382d0ad-assets', 'autogenerated.book.yaml-html_ready-137e-build3.html-d17d0f25-assets', 'autogenerated.book.yaml-html_ready-137e-wait_assets', 'autogenerated.book.yaml-html_ready-137e-localization_camera_localization.html-3c8e7236-assets', 'autogenerated.book.yaml-html_ready-137e-localization.html-bd292cbf-assets', 'autogenerated.book.yaml-html_ready-137e-introduction_curriculum_github.html-778eb4e6-assets', 'autogenerated.book.yaml-html_ready-137e-electronics_soldering_introduction.html-33a8a113-assets', 'autogenerated.book.yaml-html_ready-137e-sac1_basics_sensors.html-5468c2dd-assets'}, 'deleted_jobs': set()}
parmake_sub_00: putting result in result_queue..
parmake_sub_00: (done)
parmake_sub_00: ...done.
parmake_sub_00: Listening for job
parmake_sub_00: Could not receive anything.
parmake_sub_00: Listening for job
parmake_sub_00: got job: (<function parmake_job2 at 0x7f06f07b5830>, ('autogenerated.book.yaml-html_ready-137e-remove_spurious', <compmake.context.Context object at 0x7f06e5390bd0>, '139667636202448', False))
parmake_sub_00: result: {'user_object': None, 'user_object_deps': set(), 'new_jobs': [], 'deleted_jobs': set()}
parmake_sub_00: putting result in result_queue..
parmake_sub_00: (done)
parmake_sub_00: ...done.
parmake_sub_00: Listening for job
parmake_sub_00: got job: (<function parmake_job2 at 0x7f06f07b5830>, ('autogenerated.book.yaml-html_draft-66a7-remove_spurious', <compmake.context.Context object at 0x7f06e733d390>, '139667636202448', False))
parmake_sub_00: result: {'user_object': None, 'user_object_deps': set(), 'new_jobs': [], 'deleted_jobs': set()}
parmake_sub_00: putting result in result_queue..
parmake_sub_00: (done)
parmake_sub_00: ...done.
parmake_sub_00: Listening for job
parmake_sub_00: got job: (<function parmake_job2 at 0x7f06f07b5830>, ('autogenerated.book.yaml-pdf_printable-mark_errors_and_rest', <compmake.context.Context object at 0x7f06e733d510>, '139667636202448', False))
parmake_sub_00: result: {'user_object': None, 'user_object_deps': set(), 'new_jobs': [], 'deleted_jobs': set()}
parmake_sub_00: putting result in result_queue..
parmake_sub_00: (done)
parmake_sub_00: ...done.
parmake_sub_00: Listening for job
parmake_sub_00: got job: (<function parmake_job2 at 0x7f06f07b5830>, ('autogenerated.book.yaml-pdf_printable-add_style', <compmake.context.Context object at 0x7f06e757b9d0>, '139667636202448', False))
parmake_sub_00: result: {'user_object': None, 'user_object_deps': set(), 'new_jobs': [], 'deleted_jobs': set()}
parmake_sub_00: putting result in result_queue..
parmake_sub_00: (done)
parmake_sub_00: ...done.
parmake_sub_00: Listening for job
parmake_sub_00: got job: (<function parmake_job2 at 0x7f06f07b5830>, ('autogenerated.book.yaml-pdf_printable-prerender', <compmake.context.Context object at 0x7f06e48745d0>, '139667636202448', False))
parmake_sub_00: result: {'user_object': None, 'user_object_deps': set(), 'new_jobs': [], 'deleted_jobs': set()}
parmake_sub_00: putting result in result_queue..
parmake_sub_00: (done)
parmake_sub_00: ...done.
parmake_sub_00: Listening for job
parmake_sub_00: got job: (<function parmake_job2 at 0x7f06f07b5830>, ('autogenerated.book.yaml-pdf_printable-render_pdf', <compmake.context.Context object at 0x7f06e6a4fa90>, '139667636202448', False))
parmake_sub_00: result: {'user_object': None, 'user_object_deps': set(), 'new_jobs': [], 'deleted_jobs': set()}
parmake_sub_00: putting result in result_queue..
parmake_sub_00: (done)
parmake_sub_00: ...done.
parmake_sub_00: Listening for job
parmake_sub_00: got job: (<function parmake_job2 at 0x7f06f07b5830>, ('autogenerated.book.yaml-pdf_printable-write_bytes_to_file', <compmake.context.Context object at 0x7f06e55db190>, '139667636202448', False))
parmake_sub_00: result: {'user_object': None, 'user_object_deps': set(), 'new_jobs': [], 'deleted_jobs': set()}
parmake_sub_00: putting result in result_queue..
parmake_sub_00: (done)
parmake_sub_00: ...done.
parmake_sub_00: Listening for job
parmake_sub_00: got job: (<function parmake_job2 at 0x7f06f07b5830>, ('autogenerated.book.yaml-html_draft-66a7-bibliography_part.html-47eed23e-assets', <compmake.context.Context object at 0x7f06e7351d90>, '139667636202448', False))
parmake_sub_00: result: {'user_object': None, 'user_object_deps': set(), 'new_jobs': [], 'deleted_jobs': set()}
parmake_sub_00: putting result in result_queue..
parmake_sub_00: (done)
parmake_sub_00: ...done.
parmake_sub_00: Listening for job
parmake_sub_00: got job: (<function parmake_job2 at 0x7f06f07b5830>, ('autogenerated.book.yaml-html_ready-137e-electronics_soldering_introduction.html-33a8a113-assets', <compmake.context.Context object at 0x7f06e56f6410>, '139667636202448', False))
parmake_sub_00: result: {'user_object': None, 'user_object_deps': set(), 'new_jobs': [], 'deleted_jobs': set()}
parmake_sub_00: putting result in result_queue..
parmake_sub_00: (done)
parmake_sub_00: ...done.
parmake_sub_00: Listening for job
parmake_sub_00: got job: (<function parmake_job2 at 0x7f06f07b5830>, ('autogenerated.book.yaml-html_draft-66a7-electronics_circuitry_signals.html-9061a662-assets', <compmake.context.Context object at 0x7f06e56f6510>, '139667636202448', False))
parmake_sub_00: result: {'user_object': None, 'user_object_deps': set(), 'new_jobs': [], 'deleted_jobs': set()}
parmake_sub_00: putting result in result_queue..
parmake_sub_00: (done)
parmake_sub_00: ...done.
parmake_sub_00: Listening for job
parmake_sub_00: got job: (<function parmake_job2 at 0x7f06f07b5830>, ('autogenerated.book.yaml-html_draft-66a7-introduction_curriculum_editing.html-ec1738a1-assets', <compmake.context.Context object at 0x7f06e4a8a290>, '139667636202448', False))
parmake_sub_00: result: {'user_object': None, 'user_object_deps': set(), 'new_jobs': [], 'deleted_jobs': set()}
parmake_sub_00: putting result in result_queue..
parmake_sub_00: (done)
parmake_sub_00: ...done.
parmake_sub_00: Listening for job
parmake_sub_00: got job: (<function parmake_job2 at 0x7f06f07b5830>, ('autogenerated.book.yaml-html_draft-66a7-introduction_relevance_society.html-ebe7fb21-assets', <compmake.context.Context object at 0x7f06e6a4fa90>, '139667636202448', False))
parmake_sub_00: result: {'user_object': None, 'user_object_deps': set(), 'new_jobs': [], 'deleted_jobs': set()}
parmake_sub_00: putting result in result_queue..
parmake_sub_00: (done)
parmake_sub_00: ...done.
parmake_sub_00: Listening for job
parmake_sub_00: got job: (<function parmake_job2 at 0x7f06f07b5830>, ('autogenerated.book.yaml-html_draft-66a7-sac2_ros_intro.html-9d929ff9-assets', <compmake.context.Context object at 0x7f06e55ea3d0>, '139667636202448', False))
parmake_sub_00: result: {'user_object': None, 'user_object_deps': set(), 'new_jobs': [], 'deleted_jobs': set()}
parmake_sub_00: putting result in result_queue..
parmake_sub_00: (done)
parmake_sub_00: ...done.
parmake_sub_00: Listening for job
parmake_sub_00: got job: (<function parmake_job2 at 0x7f06f07b5830>, ('autogenerated.book.yaml-html_draft-66a7-sac2.html-c96f9925-assets', <compmake.context.Context object at 0x7f06e4a8a290>, '139667636202448', False))
parmake_sub_00: result: {'user_object': None, 'user_object_deps': set(), 'new_jobs': [], 'deleted_jobs': set()}
parmake_sub_00: putting result in result_queue..
parmake_sub_00: (done)
parmake_sub_00: ...done.
parmake_sub_00: Listening for job
parmake_sub_00: got job: (<function parmake_job2 at 0x7f06f07b5830>, ('autogenerated.book.yaml-html_draft-66a7-introduction_curriculum_student.html-9628fd63-assets', <compmake.context.Context object at 0x7f06e6fa5b50>, '139667636202448', False))
parmake_sub_00: result: {'user_object': None, 'user_object_deps': set(), 'new_jobs': [], 'deleted_jobs': set()}
parmake_sub_00: putting result in result_queue..
parmake_sub_00: (done)
parmake_sub_00: ...done.
parmake_sub_00: Listening for job
parmake_sub_00: got job: (<function parmake_job2 at 0x7f06f07b5830>, ('autogenerated.book.yaml-html_draft-66a7-introduction_operation_sensors.html-0a1c6852-assets', <compmake.context.Context object at 0x7f06e736b5d0>, '139667636202448', False))
parmake_sub_00: result: {'user_object': None, 'user_object_deps': set(), 'new_jobs': [], 'deleted_jobs': set()}
parmake_sub_00: putting result in result_queue..
parmake_sub_00: (done)
parmake_sub_00: ...done.
parmake_sub_00: Listening for job
parmake_sub_00: got job: (<function parmake_job2 at 0x7f06f07b5830>, ('autogenerated.book.yaml-html_draft-66a7-computing.html-801059b4-assets', <compmake.context.Context object at 0x7f06e6e7efd0>, '139667636202448', False))
parmake_sub_00: result: {'user_object': None, 'user_object_deps': set(), 'new_jobs': [], 'deleted_jobs': set()}
parmake_sub_00: putting result in result_queue..
parmake_sub_00: (done)
parmake_sub_00: ...done.
parmake_sub_00: Listening for job
parmake_sub_00: got job: (<function parmake_job2 at 0x7f06f07b5830>, ('autogenerated.book.yaml-html_draft-66a7-download_reveal', <compmake.context.Context object at 0x7f06e58127d0>, '139667636202448', False))
parmake_sub_00: result: {'user_object': None, 'user_object_deps': set(), 'new_jobs': [], 'deleted_jobs': set()}
parmake_sub_00: putting result in result_queue..
parmake_sub_00: (done)
parmake_sub_00: ...done.
parmake_sub_00: Listening for job
parmake_sub_00: got job: (<function parmake_job2 at 0x7f06f07b5830>, ('autogenerated.book.yaml-html_ready-137e-bibliography_part.html-47eed23e-assets', <compmake.context.Context object at 0x7f06e5c36990>, '139667636202448', False))
parmake_sub_00: result: {'user_object': None, 'user_object_deps': set(), 'new_jobs': [], 'deleted_jobs': set()}
parmake_sub_00: putting result in result_queue..
parmake_sub_00: (done)
parmake_sub_00: ...done.
parmake_sub_00: Listening for job
parmake_sub_00: got job: (<function parmake_job2 at 0x7f06f07b5830>, ('autogenerated.book.yaml-html_ready-137e-computing_pi_bash.html-36ed2fef-assets', <compmake.context.Context object at 0x7f06e6dfe190>, '139667636202448', False))
parmake_sub_00: result: {'user_object': None, 'user_object_deps': set(), 'new_jobs': [], 'deleted_jobs': set()}
parmake_sub_00: putting result in result_queue..
parmake_sub_00: (done)
parmake_sub_00: ...done.
parmake_sub_00: Listening for job
parmake_sub_00: got job: (<function parmake_job2 at 0x7f06f07b5830>, ('autogenerated.book.yaml-html_draft-66a7-introduction_relevance_history.html-e60887da-assets', <compmake.context.Context object at 0x7f06e6e7efd0>, '139667636202448', False))
parmake_sub_00: result: {'user_object': None, 'user_object_deps': set(), 'new_jobs': [], 'deleted_jobs': set()}
parmake_sub_00: putting result in result_queue..
parmake_sub_00: (done)
parmake_sub_00: ...done.
parmake_sub_00: Listening for job
parmake_sub_00: got job: (<function parmake_job2 at 0x7f06f07b5830>, ('autogenerated.book.yaml-html_draft-66a7-sac2_sensing_reading.html-a6c8c689-assets', <compmake.context.Context object at 0x7f06e736b5d0>, '139667636202448', False))
parmake_sub_00: result: {'user_object': None, 'user_object_deps': set(), 'new_jobs': [], 'deleted_jobs': set()}
parmake_sub_00: putting result in result_queue..
parmake_sub_00: (done)
parmake_sub_00: ...done.
parmake_sub_00: Listening for job
parmake_sub_00: got job: (<function parmake_job2 at 0x7f06f07b5830>, ('autogenerated.book.yaml-html_ready-137e-introduction_operation_safety.html-70230477-assets', <compmake.context.Context object at 0x7f06e6ee9fd0>, '139667636202448', False))
parmake_sub_00: result: {'user_object': None, 'user_object_deps': set(), 'new_jobs': [], 'deleted_jobs': set()}
parmake_sub_00: putting result in result_queue..
parmake_sub_00: (done)
parmake_sub_00: ...done.
parmake_sub_00: Listening for job
parmake_sub_00: got job: (<function parmake_job2 at 0x7f06f07b5830>, ('autogenerated.book.yaml-html_draft-66a7-sac2_sensing_calibration.html-7dee8f4b-assets', <compmake.context.Context object at 0x7f06e6ee9910>, '139667636202448', False))
parmake_sub_00: result: {'user_object': None, 'user_object_deps': set(), 'new_jobs': [], 'deleted_jobs': set()}
parmake_sub_00: putting result in result_queue..
parmake_sub_00: (done)
parmake_sub_00: ...done.
parmake_sub_00: Listening for job
parmake_sub_00: got job: (<function parmake_job2 at 0x7f06f07b5830>, ('autogenerated.book.yaml-html_ready-137e-introduction_curriculum_editing.html-ec1738a1-assets', <compmake.context.Context object at 0x7f06e6488b90>, '139667636202448', False))
parmake_sub_00: result: {'user_object': None, 'user_object_deps': set(), 'new_jobs': [], 'deleted_jobs': set()}
parmake_sub_00: putting result in result_queue..
parmake_sub_00: (done)
parmake_sub_00: ...done.
parmake_sub_00: Listening for job
parmake_sub_00: got job: (<function parmake_job2 at 0x7f06f07b5830>, ('autogenerated.book.yaml-html_ready-137e-build4.html-62212725-assets', <compmake.context.Context object at 0x7f06e6dfe190>, '139667636202448', False))
parmake_sub_00: result: {'user_object': None, 'user_object_deps': set(), 'new_jobs': [], 'deleted_jobs': set()}
parmake_sub_00: putting result in result_queue..
parmake_sub_00: (done)
parmake_sub_00: ...done.
parmake_sub_00: Listening for job
parmake_sub_00: got job: (<function parmake_job2 at 0x7f06f07b5830>, ('autogenerated.book.yaml-html_draft-66a7-introduction_relevance_ethics.html-8382d0ad-assets', <compmake.context.Context object at 0x7f06e6ae5a10>, '139667636202448', False))
parmake_sub_00: result: {'user_object': None, 'user_object_deps': set(), 'new_jobs': [], 'deleted_jobs': set()}
parmake_sub_00: putting result in result_queue..
parmake_sub_00: (done)
parmake_sub_00: ...done.
parmake_sub_00: Listening for job
parmake_sub_00: got job: (<function parmake_job2 at 0x7f06f07b5830>, ('autogenerated.book.yaml-html_draft-66a7-sac2_ros_publisher.html-79d02abf-assets', <compmake.context.Context object at 0x7f06e6ae5ad0>, '139667636202448', False))
parmake_sub_00: result: {'user_object': None, 'user_object_deps': set(), 'new_jobs': [], 'deleted_jobs': set()}
parmake_sub_00: putting result in result_queue..
parmake_sub_00: (done)
parmake_sub_00: ...done.
parmake_sub_00: Listening for job
parmake_sub_00: got job: (<function parmake_job2 at 0x7f06f07b5830>, ('autogenerated.book.yaml-html_ready-137e-loop.html-b410bd2b-assets', <compmake.context.Context object at 0x7f06e647e6d0>, '139667636202448', False))
parmake_sub_00: result: {'user_object': None, 'user_object_deps': set(), 'new_jobs': [], 'deleted_jobs': set()}
parmake_sub_00: putting result in result_queue..
parmake_sub_00: (done)
parmake_sub_00: ...done.
parmake_sub_00: Listening for job
parmake_sub_00: got job: (<function parmake_job2 at 0x7f06f07b5830>, ('autogenerated.book.yaml-html_draft-66a7-introduction_template.html-2fcaf135-assets', <compmake.context.Context object at 0x7f06e6dfe190>, '139667636202448', False))
parmake_sub_00: result: {'user_object': None, 'user_object_deps': set(), 'new_jobs': [], 'deleted_jobs': set()}
parmake_sub_00: putting result in result_queue..
parmake_sub_00: (done)
parmake_sub_00: ...done.
parmake_sub_00: Listening for job
parmake_sub_00: got job: (<function parmake_job2 at 0x7f06f07b5830>, ('autogenerated.book.yaml-html_ready-137e-introduction_curriculum_student.html-9628fd63-assets', <compmake.context.Context object at 0x7f06e46492d0>, '139667636202448', False))
parmake_sub_00: result: {'user_object': None, 'user_object_deps': set(), 'new_jobs': [], 'deleted_jobs': set()}
parmake_sub_00: putting result in result_queue..
parmake_sub_00: (done)
parmake_sub_00: ...done.
parmake_sub_00: Listening for job
parmake_sub_00: got job: (<function parmake_job2 at 0x7f06f07b5830>, ('autogenerated.book.yaml-html_ready-137e-sac2_sensing_reading.html-82cc694d-assets', <compmake.context.Context object at 0x7f06e4649950>, '139667636202448', False))
parmake_sub_00: result: {'user_object': None, 'user_object_deps': set(), 'new_jobs': [], 'deleted_jobs': set()}
parmake_sub_00: putting result in result_queue..
parmake_sub_00: (done)
parmake_sub_00: ...done.
parmake_sub_00: Listening for job
parmake_sub_00: got job: (<function parmake_job2 at 0x7f06f07b5830>, ('autogenerated.book.yaml-html_draft-66a7-bibliography.html-b3ef7cfc-assets', <compmake.context.Context object at 0x7f06e6dfe190>, '139667636202448', False))
parmake_sub_00: result: {'user_object': None, 'user_object_deps': set(), 'new_jobs': [], 'deleted_jobs': set()}
parmake_sub_00: putting result in result_queue..
parmake_sub_00: (done)
parmake_sub_00: ...done.
parmake_sub_00: Listening for job
parmake_sub_00: got job: (<function parmake_job2 at 0x7f06f07b5830>, ('autogenerated.book.yaml-html_draft-66a7-sac3.html-66dcb280-assets', <compmake.context.Context object at 0x7f06e696d550>, '139667636202448', False))
parmake_sub_00: result: {'user_object': None, 'user_object_deps': set(), 'new_jobs': [], 'deleted_jobs': set()}
parmake_sub_00: putting result in result_queue..
parmake_sub_00: (done)
parmake_sub_00: ...done.
parmake_sub_00: Listening for job
parmake_sub_00: got job: (<function parmake_job2 at 0x7f06f07b5830>, ('autogenerated.book.yaml-html_draft-66a7-loop_pid_intro.html-da3105d4-assets', <compmake.context.Context object at 0x7f06e6488b90>, '139667636202448', False))
parmake_sub_00: result: {'user_object': None, 'user_object_deps': set(), 'new_jobs': [], 'deleted_jobs': set()}
parmake_sub_00: putting result in result_queue..
parmake_sub_00: (done)
parmake_sub_00: ...done.
parmake_sub_00: Listening for job
parmake_sub_00: got job: (<function parmake_job2 at 0x7f06f07b5830>, ('autogenerated.book.yaml-html_draft-66a7-sac1.html-642b2b0c-assets', <compmake.context.Context object at 0x7f06e6ffbc10>, '139667636202448', False))
parmake_sub_00: result: {'user_object': None, 'user_object_deps': set(), 'new_jobs': [], 'deleted_jobs': set()}
parmake_sub_00: putting result in result_queue..
parmake_sub_00: (done)
parmake_sub_00: ...done.
parmake_sub_00: Listening for job
parmake_sub_00: got job: (<function parmake_job2 at 0x7f06f07b5830>, ('autogenerated.book.yaml-html_ready-137e-bibliography.html-b3ef7cfc-assets', <compmake.context.Context object at 0x7f06e63df8d0>, '139667636202448', False))
parmake_sub_00: result: {'user_object': None, 'user_object_deps': set(), 'new_jobs': [], 'deleted_jobs': set()}
parmake_sub_00: putting result in result_queue..
parmake_sub_00: (done)
parmake_sub_00: ...done.
parmake_sub_00: Listening for job
parmake_sub_00: got job: (<function parmake_job2 at 0x7f06f07b5830>, ('autogenerated.book.yaml-html_ready-137e-introduction_curriculum_github.html-778eb4e6-assets', <compmake.context.Context object at 0x7f06e58127d0>, '139667636202448', False))
parmake_sub_00: result: {'user_object': None, 'user_object_deps': set(), 'new_jobs': [], 'deleted_jobs': set()}
parmake_sub_00: putting result in result_queue..
parmake_sub_00: (done)
parmake_sub_00: ...done.
parmake_sub_00: Listening for job
parmake_sub_00: got job: (<function parmake_job2 at 0x7f06f07b5830>, ('autogenerated.book.yaml-html_ready-137e-build2.html-a077b0d9-assets', <compmake.context.Context object at 0x7f06e4505c10>, '139667636202448', False))
parmake_sub_00: result: {'user_object': None, 'user_object_deps': set(), 'new_jobs': [], 'deleted_jobs': set()}
parmake_sub_00: putting result in result_queue..
parmake_sub_00: (done)
parmake_sub_00: ...done.
parmake_sub_00: Listening for job
parmake_sub_00: got job: (<function parmake_job2 at 0x7f06f07b5830>, ('autogenerated.book.yaml-html_draft-66a7-introduction.html-8164f221-assets', <compmake.context.Context object at 0x7f06e696d550>, '139667636202448', False))
parmake_sub_00: result: {'user_object': None, 'user_object_deps': set(), 'new_jobs': [], 'deleted_jobs': set()}
parmake_sub_00: putting result in result_queue..
parmake_sub_00: (done)
parmake_sub_00: ...done.
parmake_sub_00: Listening for job
parmake_sub_00: got job: (<function parmake_job2 at 0x7f06f07b5830>, ('autogenerated.book.yaml-html_ready-137e-sac1.html-642b2b0c-assets', <compmake.context.Context object at 0x7f06e6dfe190>, '139667636202448', False))
parmake_sub_00: result: {'user_object': None, 'user_object_deps': set(), 'new_jobs': [], 'deleted_jobs': set()}
parmake_sub_00: putting result in result_queue..
parmake_sub_00: (done)
parmake_sub_00: ...done.
parmake_sub_00: Listening for job
parmake_sub_00: got job: (<function parmake_job2 at 0x7f06f07b5830>, ('autogenerated.book.yaml-html_ready-137e-introduction_template.html-2fcaf135-assets', <compmake.context.Context object at 0x7f06e63df8d0>, '139667636202448', False))
parmake_sub_00: result: {'user_object': None, 'user_object_deps': set(), 'new_jobs': [], 'deleted_jobs': set()}
parmake_sub_00: putting result in result_queue..
parmake_sub_00: (done)
parmake_sub_00: ...done.
parmake_sub_00: Listening for job
parmake_sub_00: got job: (<function parmake_job2 at 0x7f06f07b5830>, ('autogenerated.book.yaml-html_draft-66a7-localization_camera_images.html-253bb47e-assets', <compmake.context.Context object at 0x7f06e4505c10>, '139667636202448', False))
parmake_sub_00: result: {'user_object': None, 'user_object_deps': set(), 'new_jobs': [], 'deleted_jobs': set()}
parmake_sub_00: putting result in result_queue..
parmake_sub_00: (done)
parmake_sub_00: ...done.
parmake_sub_00: Listening for job
parmake_sub_00: got job: (<function parmake_job2 at 0x7f06f07b5830>, ('autogenerated.book.yaml-html_draft-66a7-localization_camera_localization.html-3c8e7236-assets', <compmake.context.Context object at 0x7f06e5bd8a50>, '139667636202448', False))
parmake_sub_00: result: {'user_object': None, 'user_object_deps': set(), 'new_jobs': [], 'deleted_jobs': set()}
parmake_sub_00: putting result in result_queue..
parmake_sub_00: (done)
parmake_sub_00: ...done.
parmake_sub_00: Listening for job
parmake_sub_00: got job: (<function parmake_job2 at 0x7f06f07b5830>, ('autogenerated.book.yaml-html_ready-137e-sac3_motors_intro.html-97fd96e4-assets', <compmake.context.Context object at 0x7f06e6ffbc10>, '139667636202448', False))
parmake_sub_00: result: {'user_object': None, 'user_object_deps': set(), 'new_jobs': [], 'deleted_jobs': set()}
parmake_sub_00: putting result in result_queue..
parmake_sub_00: (done)
parmake_sub_00: ...done.
parmake_sub_00: Listening for job
parmake_sub_00: got job: (<function parmake_job2 at 0x7f06f07b5830>, ('autogenerated.book.yaml-html_draft-66a7-electronics_circuitry_simple.html-f042d206-assets', <compmake.context.Context object at 0x7f06e5a100d0>, '139667636202448', False))
parmake_sub_00: result: {'user_object': None, 'user_object_deps': set(), 'new_jobs': [], 'deleted_jobs': set()}
parmake_sub_00: putting result in result_queue..
parmake_sub_00: (done)
parmake_sub_00: ...done.
parmake_sub_00: Listening for job
parmake_sub_00: got job: (<function parmake_job2 at 0x7f06f07b5830>, ('autogenerated.book.yaml-html_draft-66a7-loop_pid_implementation.html-1a94d557-assets', <compmake.context.Context object at 0x7f06e6dfe190>, '139667636202448', False))
parmake_sub_00: result: {'user_object': None, 'user_object_deps': set(), 'new_jobs': [], 'deleted_jobs': set()}
parmake_sub_00: putting result in result_queue..
parmake_sub_00: (done)
parmake_sub_00: ...done.
parmake_sub_00: Listening for job
parmake_sub_00: got job: (<function parmake_job2 at 0x7f06f07b5830>, ('autogenerated.book.yaml-html_ready-137e-introduction_relevance_history.html-e60887da-assets', <compmake.context.Context object at 0x7f06e5a45d90>, '139667636202448', False))
parmake_sub_00: result: {'user_object': None, 'user_object_deps': set(), 'new_jobs': [], 'deleted_jobs': set()}
parmake_sub_00: putting result in result_queue..
parmake_sub_00: (done)
parmake_sub_00: ...done.
parmake_sub_00: Listening for job
parmake_sub_00: got job: (<function parmake_job2 at 0x7f06f07b5830>, ('autogenerated.book.yaml-html_ready-137e-electronics_circuitry_voltage.html-738079c0-assets', <compmake.context.Context object at 0x7f06e5bc2b10>, '139667636202448', False))
parmake_sub_00: result: {'user_object': None, 'user_object_deps': set(), 'new_jobs': [], 'deleted_jobs': set()}
parmake_sub_00: putting result in result_queue..
parmake_sub_00: (done)
parmake_sub_00: ...done.
parmake_sub_00: Listening for job
parmake_sub_00: got job: (<function parmake_job2 at 0x7f06f07b5830>, ('autogenerated.book.yaml-html_draft-66a7-electronics_soldering_introduction.html-33a8a113-assets', <compmake.context.Context object at 0x7f06e5c00ad0>, '139667636202448', False))
parmake_sub_00: result: {'user_object': None, 'user_object_deps': set(), 'new_jobs': [], 'deleted_jobs': set()}
parmake_sub_00: putting result in result_queue..
parmake_sub_00: (done)
parmake_sub_00: ...done.
parmake_sub_00: Listening for job
parmake_sub_00: got job: (<function parmake_job2 at 0x7f06f07b5830>, ('autogenerated.book.yaml-html_draft-66a7-electronics_soldering_skill.html-b5706afc-assets', <compmake.context.Context object at 0x7f06e56c34d0>, '139667636202448', False))
parmake_sub_00: result: {'user_object': None, 'user_object_deps': set(), 'new_jobs': [], 'deleted_jobs': set()}
parmake_sub_00: putting result in result_queue..
parmake_sub_00: (done)
parmake_sub_00: ...done.
parmake_sub_00: Listening for job
parmake_sub_00: got job: (<function parmake_job2 at 0x7f06f07b5830>, ('autogenerated.book.yaml-html_ready-137e-sac1_basics_sensors.html-5468c2dd-assets', <compmake.context.Context object at 0x7f06e525d990>, '139667636202448', False))
parmake_sub_00: result: {'user_object': None, 'user_object_deps': set(), 'new_jobs': [], 'deleted_jobs': set()}
parmake_sub_00: putting result in result_queue..
parmake_sub_00: (done)
parmake_sub_00: ...done.
parmake_sub_00: Listening for job
parmake_sub_00: got job: (<function parmake_job2 at 0x7f06f07b5830>, ('autogenerated.book.yaml-html_draft-66a7-loop.html-b410bd2b-assets', <compmake.context.Context object at 0x7f06e62f9610>, '139667636202448', False))
parmake_sub_00: result: {'user_object': None, 'user_object_deps': set(), 'new_jobs': [], 'deleted_jobs': set()}
parmake_sub_00: putting result in result_queue..
parmake_sub_00: (done)
parmake_sub_00: ...done.
parmake_sub_00: Listening for job
parmake_sub_00: got job: (<function parmake_job2 at 0x7f06f07b5830>, ('autogenerated.book.yaml-html_ready-137e-localization.html-bd292cbf-assets', <compmake.context.Context object at 0x7f06e6fa2610>, '139667636202448', False))
parmake_sub_00: result: {'user_object': None, 'user_object_deps': set(), 'new_jobs': [], 'deleted_jobs': set()}
parmake_sub_00: putting result in result_queue..
parmake_sub_00: (done)
parmake_sub_00: ...done.
parmake_sub_00: Listening for job
parmake_sub_00: got job: (<function parmake_job2 at 0x7f06f07b5830>, ('autogenerated.book.yaml-html_ready-137e-localization_camera_localization.html-3c8e7236-assets', <compmake.context.Context object at 0x7f06e5bc2b10>, '139667636202448', False))
parmake_sub_00: result: {'user_object': None, 'user_object_deps': set(), 'new_jobs': [], 'deleted_jobs': set()}
parmake_sub_00: putting result in result_queue..
parmake_sub_00: (done)
parmake_sub_00: ...done.
parmake_sub_00: Listening for job
parmake_sub_00: got job: (<function parmake_job2 at 0x7f06f07b5830>, ('autogenerated.book.yaml-html_draft-66a7-sac1_basics_sensors.html-9901c9c5-assets', <compmake.context.Context object at 0x7f06e65fd810>, '139667636202448', False))
parmake_sub_00: result: {'user_object': None, 'user_object_deps': set(), 'new_jobs': [], 'deleted_jobs': set()}
parmake_sub_00: putting result in result_queue..
parmake_sub_00: (done)
parmake_sub_00: ...done.
parmake_sub_00: Listening for job
parmake_sub_00: got job: (<function parmake_job2 at 0x7f06f07b5830>, ('autogenerated.book.yaml-html_draft-66a7-localization.html-bd292cbf-assets', <compmake.context.Context object at 0x7f06e5d72790>, '139667636202448', False))
parmake_sub_00: result: {'user_object': None, 'user_object_deps': set(), 'new_jobs': [], 'deleted_jobs': set()}
parmake_sub_00: putting result in result_queue..
parmake_sub_00: (done)
parmake_sub_00: ...done.
parmake_sub_00: Listening for job
parmake_sub_00: got job: (<function parmake_job2 at 0x7f06f07b5830>, ('autogenerated.book.yaml-html_ready-137e-introduction_relevance_ethics.html-8382d0ad-assets', <compmake.context.Context object at 0x7f06e5bd8a50>, '139667636202448', False))
parmake_sub_00: result: {'user_object': None, 'user_object_deps': set(), 'new_jobs': [], 'deleted_jobs': set()}
parmake_sub_00: putting result in result_queue..
parmake_sub_00: (done)
parmake_sub_00: ...done.
parmake_sub_00: Listening for job
parmake_sub_00: got job: (<function parmake_job2 at 0x7f06f07b5830>, ('autogenerated.book.yaml-html_ready-137e-build3.html-d17d0f25-assets', <compmake.context.Context object at 0x7f06e57a7610>, '139667636202448', False))
parmake_sub_00: result: {'user_object': None, 'user_object_deps': set(), 'new_jobs': [], 'deleted_jobs': set()}
parmake_sub_00: putting result in result_queue..
parmake_sub_00: (done)
parmake_sub_00: ...done.
parmake_sub_00: Listening for job
parmake_sub_00: got job: (<function parmake_job2 at 0x7f06f07b5830>, ('autogenerated.book.yaml-html_ready-137e-introduction_operation_sensors.html-0a1c6852-assets', <compmake.context.Context object at 0x7f06e7334750>, '139667636202448', False))
parmake_sub_00: result: {'user_object': None, 'user_object_deps': set(), 'new_jobs': [], 'deleted_jobs': set()}
parmake_sub_00: putting result in result_queue..
parmake_sub_00: (done)
parmake_sub_00: ...done.
parmake_sub_00: Listening for job
parmake_sub_00: got job: (<function parmake_job2 at 0x7f06f07b5830>, ('autogenerated.book.yaml-html_ready-137e-sac3.html-66dcb280-assets', <compmake.context.Context object at 0x7f06e4505c10>, '139667636202448', False))
parmake_sub_00: result: {'user_object': None, 'user_object_deps': set(), 'new_jobs': [], 'deleted_jobs': set()}
parmake_sub_00: putting result in result_queue..
parmake_sub_00: (done)
parmake_sub_00: ...done.
parmake_sub_00: Listening for job
parmake_sub_00: got job: (<function parmake_job2 at 0x7f06f07b5830>, ('autogenerated.book.yaml-html_draft-66a7-build2.html-a077b0d9-assets', <compmake.context.Context object at 0x7f06e5c00ad0>, '139667636202448', False))
parmake_sub_00: result: {'user_object': None, 'user_object_deps': set(), 'new_jobs': [], 'deleted_jobs': set()}
parmake_sub_00: putting result in result_queue..
parmake_sub_00: (done)
parmake_sub_00: ...done.
parmake_sub_00: Listening for job
parmake_sub_00: got job: (<function parmake_job2 at 0x7f06f07b5830>, ('autogenerated.book.yaml-html_draft-66a7-sac2_ros_subscriber.html-61988a0f-assets', <compmake.context.Context object at 0x7f06e62f9610>, '139667636202448', False))
parmake_sub_00: result: {'user_object': None, 'user_object_deps': set(), 'new_jobs': [], 'deleted_jobs': set()}
parmake_sub_00: putting result in result_queue..
parmake_sub_00: (done)
parmake_sub_00: ...done.
parmake_sub_00: Listening for job
parmake_sub_00: got job: (<function parmake_job2 at 0x7f06f07b5830>, ('autogenerated.book.yaml-html_draft-66a7-electronics_circuitry_voltage.html-738079c0-assets', <compmake.context.Context object at 0x7f06e542b910>, '139667636202448', False))
parmake_sub_00: result: {'user_object': None, 'user_object_deps': set(), 'new_jobs': [], 'deleted_jobs': set()}
parmake_sub_00: putting result in result_queue..
parmake_sub_00: (done)
parmake_sub_00: ...done.
parmake_sub_00: Listening for job
parmake_sub_00: got job: (<function parmake_job2 at 0x7f06f07b5830>, ('autogenerated.book.yaml-html_draft-66a7-sac3_imu_intro.html-266b71d9-assets', <compmake.context.Context object at 0x7f06e525d990>, '139667636202448', False))
parmake_sub_00: result: {'user_object': None, 'user_object_deps': set(), 'new_jobs': [], 'deleted_jobs': set()}
parmake_sub_00: putting result in result_queue..
parmake_sub_00: (done)
parmake_sub_00: ...done.
parmake_sub_00: Listening for job
parmake_sub_00: got job: (<function parmake_job2 at 0x7f06f07b5830>, ('autogenerated.book.yaml-html_draft-66a7-loop_pid_terms.html-13e90926-assets', <compmake.context.Context object at 0x7f06e65fd810>, '139667636202448', False))
parmake_sub_00: result: {'user_object': None, 'user_object_deps': set(), 'new_jobs': [], 'deleted_jobs': set()}
parmake_sub_00: putting result in result_queue..
parmake_sub_00: (done)
parmake_sub_00: ...done.
parmake_sub_00: Listening for job
parmake_sub_00: got job: (<function parmake_job2 at 0x7f06f07b5830>, ('autogenerated.book.yaml-html_ready-137e-introduction.html-8164f221-assets', <compmake.context.Context object at 0x7f06e56c34d0>, '139667636202448', False))
parmake_sub_00: result: {'user_object': None, 'user_object_deps': set(), 'new_jobs': [], 'deleted_jobs': set()}
parmake_sub_00: putting result in result_queue..
parmake_sub_00: (done)
parmake_sub_00: ...done.
parmake_sub_00: Listening for job
parmake_sub_00: got job: (<function parmake_job2 at 0x7f06f07b5830>, ('autogenerated.book.yaml-html_ready-137e-build1.html-74ae1990-assets', <compmake.context.Context object at 0x7f06e5c0c9d0>, '139667636202448', False))
parmake_sub_00: result: {'user_object': None, 'user_object_deps': set(), 'new_jobs': [], 'deleted_jobs': set()}
parmake_sub_00: putting result in result_queue..
parmake_sub_00: (done)
parmake_sub_00: ...done.
parmake_sub_00: Listening for job
parmake_sub_00: got job: (<function parmake_job2 at 0x7f06f07b5830>, ('autogenerated.book.yaml-html_draft-66a7-electronics.html-9befc741-assets', <compmake.context.Context object at 0x7f06e5a93750>, '139667636202448', False))
parmake_sub_00: result: {'user_object': None, 'user_object_deps': set(), 'new_jobs': [], 'deleted_jobs': set()}
parmake_sub_00: putting result in result_queue..
parmake_sub_00: (done)
parmake_sub_00: ...done.
parmake_sub_00: Listening for job
parmake_sub_00: got job: (<function parmake_job2 at 0x7f06f07b5830>, ('autogenerated.book.yaml-html_ready-137e-computing_pi_led.html-4bb77289-assets', <compmake.context.Context object at 0x7f06e45b0bd0>, '139667636202448', False))
parmake_sub_00: result: {'user_object': None, 'user_object_deps': set(), 'new_jobs': [], 'deleted_jobs': set()}
parmake_sub_00: putting result in result_queue..
parmake_sub_00: (done)
parmake_sub_00: ...done.
parmake_sub_00: Listening for job
parmake_sub_00: got job: (<function parmake_job2 at 0x7f06f07b5830>, ('autogenerated.book.yaml-html_ready-137e-sac2_sensing_calibration.html-7dee8f4b-assets', <compmake.context.Context object at 0x7f06e5bd8a50>, '139667636202448', False))
parmake_sub_00: result: {'user_object': None, 'user_object_deps': set(), 'new_jobs': [], 'deleted_jobs': set()}
parmake_sub_00: putting result in result_queue..
parmake_sub_00: (done)
parmake_sub_00: ...done.
parmake_sub_00: Listening for job
parmake_sub_00: got job: (<function parmake_job2 at 0x7f06f07b5830>, ('autogenerated.book.yaml-html_ready-137e-loop_pid_implementation.html-1a94d557-assets', <compmake.context.Context object at 0x7f06e7271b10>, '139667636202448', False))
parmake_sub_00: result: {'user_object': None, 'user_object_deps': set(), 'new_jobs': [], 'deleted_jobs': set()}
parmake_sub_00: putting result in result_queue..
parmake_sub_00: (done)
parmake_sub_00: ...done.
parmake_sub_00: Listening for job
parmake_sub_00: got job: (<function parmake_job2 at 0x7f06f07b5830>, ('autogenerated.book.yaml-html_draft-66a7-index.html-b1ad6629-assets', <compmake.context.Context object at 0x7f06e55949d0>, '139667636202448', False))
parmake_sub_00: result: {'user_object': None, 'user_object_deps': set(), 'new_jobs': [], 'deleted_jobs': set()}
parmake_sub_00: putting result in result_queue..
parmake_sub_00: (done)
parmake_sub_00: ...done.
parmake_sub_00: Listening for job
parmake_sub_00: got job: (<function parmake_job2 at 0x7f06f07b5830>, ('autogenerated.book.yaml-html_draft-66a7-build3.html-d17d0f25-assets', <compmake.context.Context object at 0x7f06e5594550>, '139667636202448', False))
parmake_sub_00: result: {'user_object': None, 'user_object_deps': set(), 'new_jobs': [], 'deleted_jobs': set()}
parmake_sub_00: putting result in result_queue..
parmake_sub_00: (done)
parmake_sub_00: ...done.
parmake_sub_00: Listening for job
parmake_sub_00: got job: (<function parmake_job2 at 0x7f06f07b5830>, ('autogenerated.book.yaml-html_draft-66a7-build1.html-74ae1990-assets', <compmake.context.Context object at 0x7f06e5594290>, '139667636202448', False))
parmake_sub_00: result: {'user_object': None, 'user_object_deps': set(), 'new_jobs': [], 'deleted_jobs': set()}
parmake_sub_00: putting result in result_queue..
parmake_sub_00: (done)
parmake_sub_00: ...done.
parmake_sub_00: Listening for job
parmake_sub_00: got job: (<function parmake_job2 at 0x7f06f07b5830>, ('autogenerated.book.yaml-html_draft-66a7-pi_networking.html-379c1df4-assets', <compmake.context.Context object at 0x7f06e57da590>, '139667636202448', False))
parmake_sub_00: result: {'user_object': None, 'user_object_deps': set(), 'new_jobs': [], 'deleted_jobs': set()}
parmake_sub_00: putting result in result_queue..
parmake_sub_00: (done)
parmake_sub_00: ...done.
parmake_sub_00: Listening for job
parmake_sub_00: got job: (<function parmake_job2 at 0x7f06f07b5830>, ('autogenerated.book.yaml-html_ready-137e-electronics_soldering_troubleshooting.html-4d79cfb9-assets', <compmake.context.Context object at 0x7f06e57da250>, '139667636202448', False))
parmake_sub_00: result: {'user_object': None, 'user_object_deps': set(), 'new_jobs': [], 'deleted_jobs': set()}
parmake_sub_00: putting result in result_queue..
parmake_sub_00: (done)
parmake_sub_00: ...done.
parmake_sub_00: Listening for job
parmake_sub_00: got job: (<function parmake_job2 at 0x7f06f07b5830>, ('autogenerated.book.yaml-html_ready-137e-electronics.html-9befc741-assets', <compmake.context.Context object at 0x7f06e57da290>, '139667636202448', False))
parmake_sub_00: result: {'user_object': None, 'user_object_deps': set(), 'new_jobs': [], 'deleted_jobs': set()}
parmake_sub_00: putting result in result_queue..
parmake_sub_00: (done)
parmake_sub_00: ...done.
parmake_sub_00: Listening for job
parmake_sub_00: got job: (<function parmake_job2 at 0x7f06f07b5830>, ('autogenerated.book.yaml-html_ready-137e-pi_networking.html-ce98c875-assets', <compmake.context.Context object at 0x7f06e5594550>, '139667636202448', False))
parmake_sub_00: result: {'user_object': None, 'user_object_deps': set(), 'new_jobs': [], 'deleted_jobs': set()}
parmake_sub_00: putting result in result_queue..
parmake_sub_00: (done)
parmake_sub_00: ...done.
parmake_sub_00: Listening for job
parmake_sub_00: got job: (<function parmake_job2 at 0x7f06f07b5830>, ('autogenerated.book.yaml-html_ready-137e-loop_pid_intro.html-60d2ed06-assets', <compmake.context.Context object at 0x7f06e5594fd0>, '139667636202448', False))
parmake_sub_00: result: {'user_object': None, 'user_object_deps': set(), 'new_jobs': [], 'deleted_jobs': set()}
parmake_sub_00: putting result in result_queue..
parmake_sub_00: (done)
parmake_sub_00: ...done.
parmake_sub_00: Listening for job
parmake_sub_00: got job: (<function parmake_job2 at 0x7f06f07b5830>, ('autogenerated.book.yaml-html_draft-66a7-introduction_curriculum_github.html-63a5d3bd-assets', <compmake.context.Context object at 0x7f06e5dec550>, '139667636202448', False))
parmake_sub_00: result: {'user_object': None, 'user_object_deps': set(), 'new_jobs': [], 'deleted_jobs': set()}
parmake_sub_00: putting result in result_queue..
parmake_sub_00: (done)
parmake_sub_00: ...done.
parmake_sub_00: Listening for job
parmake_sub_00: got job: (<function parmake_job2 at 0x7f06f07b5830>, ('autogenerated.book.yaml-html_ready-137e-loop_pid_terms.html-29a16c94-assets', <compmake.context.Context object at 0x7f06e5594290>, '139667636202448', False))
parmake_sub_00: result: {'user_object': None, 'user_object_deps': set(), 'new_jobs': [], 'deleted_jobs': set()}
parmake_sub_00: putting result in result_queue..
parmake_sub_00: (done)
parmake_sub_00: ...done.
parmake_sub_00: Listening for job
parmake_sub_00: got job: (<function parmake_job2 at 0x7f06f07b5830>, ('autogenerated.book.yaml-html_draft-66a7-electronics_soldering_troubleshooting.html-4d79cfb9-assets', <compmake.context.Context object at 0x7f06e5594890>, '139667636202448', False))
parmake_sub_00: result: {'user_object': None, 'user_object_deps': set(), 'new_jobs': [], 'deleted_jobs': set()}
parmake_sub_00: putting result in result_queue..
parmake_sub_00: (done)
parmake_sub_00: ...done.
parmake_sub_00: Listening for job
parmake_sub_00: got job: (<function parmake_job2 at 0x7f06f07b5830>, ('autogenerated.book.yaml-html_ready-137e-download_reveal', <compmake.context.Context object at 0x7f06e5594550>, '139667636202448', False))
parmake_sub_00: result: {'user_object': None, 'user_object_deps': set(), 'new_jobs': [], 'deleted_jobs': set()}
parmake_sub_00: putting result in result_queue..
parmake_sub_00: (done)
parmake_sub_00: ...done.
parmake_sub_00: Listening for job
parmake_sub_00: got job: (<function parmake_job2 at 0x7f06f07b5830>, ('autogenerated.book.yaml-html_ready-137e-electronics_circuitry_signals.html-9061a662-assets', <compmake.context.Context object at 0x7f06e526cbd0>, '139667636202448', False))
parmake_sub_00: result: {'user_object': None, 'user_object_deps': set(), 'new_jobs': [], 'deleted_jobs': set()}
parmake_sub_00: putting result in result_queue..
parmake_sub_00: (done)
parmake_sub_00: ...done.
parmake_sub_00: Listening for job
parmake_sub_00: got job: (<function parmake_job2 at 0x7f06f07b5830>, ('autogenerated.book.yaml-html_ready-137e-sac2_ros_publisher.html-411ebf38-assets', <compmake.context.Context object at 0x7f06e458f6d0>, '139667636202448', False))
parmake_sub_00: result: {'user_object': None, 'user_object_deps': set(), 'new_jobs': [], 'deleted_jobs': set()}
parmake_sub_00: putting result in result_queue..
parmake_sub_00: (done)
parmake_sub_00: ...done.
parmake_sub_00: Listening for job
parmake_sub_00: got job: (<function parmake_job2 at 0x7f06f07b5830>, ('autogenerated.book.yaml-html_ready-137e-wait_assets', <compmake.context.Context object at 0x7f06e4adc190>, '139667636202448', False))
parmake_sub_00: result: {'user_object': None, 'user_object_deps': set(), 'new_jobs': [], 'deleted_jobs': set()}
parmake_sub_00: putting result in result_queue..
parmake_sub_00: (done)
parmake_sub_00: ...done.
parmake_sub_00: Listening for job
parmake_sub_00: got job: (<function parmake_job2 at 0x7f06f07b5830>, ('autogenerated.book.yaml-html_ready-137e-_dynreports_getbra', <compmake.context.Context object at 0x7f06e4adc390>, '139667636202448', False))
parmake_sub_00: result: {'user_object': None, 'user_object_deps': set(), 'new_jobs': [], 'deleted_jobs': set()}
parmake_sub_00: putting result in result_queue..
parmake_sub_00: (done)
parmake_sub_00: ...done.
parmake_sub_00: Listening for job
parmake_sub_00: got job: (<function parmake_job2 at 0x7f06f07b5830>, ('autogenerated.book.yaml-html_ready-137e-_dynreports_merge', <compmake.context.Context object at 0x7f06e5996a10>, '139667636202448', False))
parmake_sub_00: result: {'user_object': None, 'user_object_deps': set(), 'new_jobs': [], 'deleted_jobs': set()}
parmake_sub_00: putting result in result_queue..
parmake_sub_00: (done)
parmake_sub_00: ...done.
parmake_sub_00: Listening for job
parmake_sub_00: got job: (<function parmake_job2 at 0x7f06f07b5830>, ('autogenerated.book.yaml-html_ready-137e-_dynreports_getres', <compmake.context.Context object at 0x7f06e5993f90>, '139667636202448', False))
parmake_sub_00: result: {'user_object': None, 'user_object_deps': set(), 'new_jobs': [], 'deleted_jobs': set()}
parmake_sub_00: putting result in result_queue..
parmake_sub_00: (done)
parmake_sub_00: ...done.
parmake_sub_00: Listening for job
parmake_sub_00: got job: (<function parmake_job2 at 0x7f06f07b5830>, ('autogenerated.book.yaml-html_ready-137e-notification', <compmake.context.Context object at 0x7f06e6a3a590>, '139667636202448', False))
parmake_sub_00: result: {'user_object': None, 'user_object_deps': set(), 'new_jobs': [], 'deleted_jobs': set()}
parmake_sub_00: putting result in result_queue..
parmake_sub_00: (done)
parmake_sub_00: ...done.
parmake_sub_00: Listening for job
parmake_sub_00: got job: (<function parmake_job2 at 0x7f06f07b5830>, ('autogenerated.book.yaml-html_ready-_dynreports_getbra', <compmake.context.Context object at 0x7f06e6a3afd0>, '139667636202448', False))
parmake_sub_00: result: {'user_object': None, 'user_object_deps': set(), 'new_jobs': [], 'deleted_jobs': set()}
parmake_sub_00: putting result in result_queue..
parmake_sub_00: (done)
parmake_sub_00: ...done.
parmake_sub_00: Listening for job
parmake_sub_00: got job: (<function parmake_job2 at 0x7f06f07b5830>, ('autogenerated.book.yaml-html_draft-66a7-_dynreports_getres', <compmake.context.Context object at 0x7f06e5996290>, '139667636202448', False))
parmake_sub_00: result: {'user_object': None, 'user_object_deps': set(), 'new_jobs': [], 'deleted_jobs': set()}
parmake_sub_00: putting result in result_queue..
parmake_sub_00: (done)
parmake_sub_00: ...done.
parmake_sub_00: Listening for job
parmake_sub_00: got job: (<function parmake_job2 at 0x7f06f07b5830>, ('autogenerated.book.yaml-html_draft-66a7-notification', <compmake.context.Context object at 0x7f06e59933d0>, '139667636202448', False))
parmake_sub_00: result: {'user_object': None, 'user_object_deps': set(), 'new_jobs': [], 'deleted_jobs': set()}
parmake_sub_00: putting result in result_queue..
parmake_sub_00: (done)
parmake_sub_00: ...done.
parmake_sub_00: Listening for job
parmake_sub_00: got job: (<function parmake_job2 at 0x7f06f07b5830>, ('autogenerated.book.yaml-html_draft-_dynreports_getbra', <compmake.context.Context object at 0x7f06e59931d0>, '139667636202448', False))
parmake_sub_00: result: {'user_object': None, 'user_object_deps': set(), 'new_jobs': [], 'deleted_jobs': set()}
parmake_sub_00: putting result in result_queue..
parmake_sub_00: (done)
parmake_sub_00: ...done.
parmake_sub_00: Listening for job
parmake_sub_00: got job: (<function parmake_job2 at 0x7f06f07b5830>, ('_dynreports_merge', <compmake.context.Context object at 0x7f06e599e2d0>, '139667636202448', False))
parmake_sub_00: result: {'user_object': None, 'user_object_deps': set(), 'new_jobs': [], 'deleted_jobs': set()}
parmake_sub_00: putting result in result_queue..
parmake_sub_00: (done)
parmake_sub_00: ...done.
parmake_sub_00: Listening for job
parmake_sub_00: got job: (<function parmake_job2 at 0x7f06f07b5830>, ('_dynreports_create_index', <compmake.context.Context object at 0x7f06e458f6d0>, '139667636202448', False))
parmake_sub_00: result: {'user_object': None, 'user_object_deps': set(), 'new_jobs': set(), 'deleted_jobs': set()}
parmake_sub_00: putting result in result_queue..
parmake_sub_00: (done)
parmake_sub_00: ...done.
parmake_sub_00: Listening for job
parmake_sub_00: Received EXIT_TOKEN.
