parmake_sub_01: started pmake_worker()
parmake_sub_01: Listening for job
parmake_sub_01: got job: (<function parmake_job2 at 0x7f4e56f72830>, ('autogenerated.book.yaml-10-camera-f762ee48-7b0978e9', <compmake.context.Context object at 0x7f4e4e304e10>, '139974297663120', False))
parmake_sub_01: result: {'user_object': None, 'user_object_deps': set(), 'new_jobs': [], 'deleted_jobs': set()}
parmake_sub_01: putting result in result_queue..
parmake_sub_01: (done)
parmake_sub_01: ...done.
parmake_sub_01: Listening for job
parmake_sub_01: got job: (<function parmake_job2 at 0x7f4e56f72830>, ('autogenerated.book.yaml-00-overview-e3ac6a07-4cca9a7b', <compmake.context.Context object at 0x7f4e4e304dd0>, '139974297663120', False))
parmake_sub_01: result: {'user_object': None, 'user_object_deps': set(), 'new_jobs': [], 'deleted_jobs': set()}
parmake_sub_01: putting result in result_queue..
parmake_sub_01: (done)
parmake_sub_01: ...done.
parmake_sub_01: Listening for job
parmake_sub_01: got job: (<function parmake_job2 at 0x7f4e56f72830>, ('autogenerated.book.yaml-00-overview-74de6e2f-f947c989-source_info', <compmake.context.Context object at 0x7f4e4e304d90>, '139974297663120', False))
parmake_sub_01: result: {'user_object': None, 'user_object_deps': set(), 'new_jobs': [], 'deleted_jobs': set()}
parmake_sub_01: putting result in result_queue..
parmake_sub_01: (done)
parmake_sub_01: ...done.
parmake_sub_01: Listening for job
parmake_sub_01: got job: (<function parmake_job2 at 0x7f4e56f72830>, ('autogenerated.book.yaml-32-operation-safety-1829b224-59a23c75-source_info', <compmake.context.Context object at 0x7f4e4d7f9ad0>, '139974297663120', False))
parmake_sub_01: result: {'user_object': None, 'user_object_deps': set(), 'new_jobs': [], 'deleted_jobs': set()}
parmake_sub_01: putting result in result_queue..
parmake_sub_01: (done)
parmake_sub_01: ...done.
parmake_sub_01: Listening for job
parmake_sub_01: got job: (<function parmake_job2 at 0x7f4e56f72830>, ('autogenerated.book.yaml-00-overview-f9e460d7-45fb02ba-source_info', <compmake.context.Context object at 0x7f4e4d7c7c50>, '139974297663120', False))
parmake_sub_01: result: {'user_object': None, 'user_object_deps': set(), 'new_jobs': [], 'deleted_jobs': set()}
parmake_sub_01: putting result in result_queue..
parmake_sub_01: (done)
parmake_sub_01: ...done.
parmake_sub_01: Listening for job
parmake_sub_01: got job: (<function parmake_job2 at 0x7f4e56f72830>, ('autogenerated.book.yaml-13-pi-led-2c48af25-361d81aa', <compmake.context.Context object at 0x7f4e4d7c7910>, '139974297663120', False))
parmake_sub_01: result: {'user_object': None, 'user_object_deps': set(), 'new_jobs': [], 'deleted_jobs': set()}
parmake_sub_01: putting result in result_queue..
parmake_sub_01: (done)
parmake_sub_01: ...done.
parmake_sub_01: Listening for job
parmake_sub_01: got job: (<function parmake_job2 at 0x7f4e56f72830>, ('autogenerated.book.yaml-00-index-3bef1d09-c6286424', <compmake.context.Context object at 0x7f4e4d59c850>, '139974297663120', False))
parmake_sub_01: result: {'user_object': None, 'user_object_deps': set(), 'new_jobs': [], 'deleted_jobs': set()}
parmake_sub_01: putting result in result_queue..
parmake_sub_01: (done)
parmake_sub_01: ...done.
parmake_sub_01: Listening for job
parmake_sub_01: got job: (<function parmake_job2 at 0x7f4e56f72830>, ('autogenerated.book.yaml-10-pi-9dc80b4d-8add2a97-source_info', <compmake.context.Context object at 0x7f4e4d59ca10>, '139974297663120', False))
parmake_sub_01: result: {'user_object': None, 'user_object_deps': set(), 'new_jobs': [], 'deleted_jobs': set()}
parmake_sub_01: putting result in result_queue..
parmake_sub_01: (done)
parmake_sub_01: ...done.
parmake_sub_01: Listening for job
parmake_sub_01: got job: (<function parmake_job2 at 0x7f4e56f72830>, ('autogenerated.book.yaml-40-teacher-template-32b8fc7b-a1ecb7e9', <compmake.context.Context object at 0x7f4e4d59cb10>, '139974297663120', False))
parmake_sub_01: result: {'user_object': None, 'user_object_deps': set(), 'new_jobs': [], 'deleted_jobs': set()}
parmake_sub_01: putting result in result_queue..
parmake_sub_01: (done)
parmake_sub_01: ...done.
parmake_sub_01: Listening for job
parmake_sub_01: got job: (<function parmake_job2 at 0x7f4e56f72830>, ('autogenerated.book.yaml-23-ros-subscriber-a20e9a23-0fc5af5c', <compmake.context.Context object at 0x7f4e4d98e8d0>, '139974297663120', False))
parmake_sub_01: result: {'user_object': None, 'user_object_deps': set(), 'new_jobs': [], 'deleted_jobs': set()}
parmake_sub_01: putting result in result_queue..
parmake_sub_01: (done)
parmake_sub_01: ...done.
parmake_sub_01: Listening for job
parmake_sub_01: got job: (<function parmake_job2 at 0x7f4e56f72830>, ('autogenerated.book.yaml-13-pi-led-2c48af25-361d81aa-source_info', <compmake.context.Context object at 0x7f4e4dd729d0>, '139974297663120', False))
parmake_sub_01: result: {'user_object': None, 'user_object_deps': set(), 'new_jobs': [], 'deleted_jobs': set()}
parmake_sub_01: putting result in result_queue..
parmake_sub_01: (done)
parmake_sub_01: ...done.
parmake_sub_01: Listening for job
parmake_sub_01: got job: (<function parmake_job2 at 0x7f4e56f72830>, ('autogenerated.book.yaml-20-curriculum-073fffd0-7f33f2d1-source_info', <compmake.context.Context object at 0x7f4e4d554950>, '139974297663120', False))
parmake_sub_01: result: {'user_object': None, 'user_object_deps': set(), 'new_jobs': [], 'deleted_jobs': set()}
parmake_sub_01: putting result in result_queue..
parmake_sub_01: (done)
parmake_sub_01: ...done.
parmake_sub_01: Listening for job
parmake_sub_01: got job: (<function parmake_job2 at 0x7f4e56f72830>, ('autogenerated.book.yaml-11-camera-images-99d2a633-5a9b6499-source_info', <compmake.context.Context object at 0x7f4e4d554a10>, '139974297663120', False))
parmake_sub_01: result: {'user_object': None, 'user_object_deps': set(), 'new_jobs': [], 'deleted_jobs': set()}
parmake_sub_01: putting result in result_queue..
parmake_sub_01: (done)
parmake_sub_01: ...done.
parmake_sub_01: Listening for job
parmake_sub_01: got job: (<function parmake_job2 at 0x7f4e56f72830>, ('autogenerated.book.yaml-13-circuitry-signals-f1eb1b08-8f3a6b9a', <compmake.context.Context object at 0x7f4e4d5ad510>, '139974297663120', False))
parmake_sub_01: result: {'user_object': None, 'user_object_deps': set(), 'new_jobs': [], 'deleted_jobs': set()}
parmake_sub_01: putting result in result_queue..
parmake_sub_01: (done)
parmake_sub_01: ...done.
parmake_sub_01: Listening for job
parmake_sub_01: got job: (<function parmake_job2 at 0x7f4e56f72830>, ('autogenerated.book.yaml-00-overview-1eb9016b-0177e2bd', <compmake.context.Context object at 0x7f4e4dd729d0>, '139974297663120', False))
parmake_sub_01: result: {'user_object': None, 'user_object_deps': set(), 'new_jobs': [], 'deleted_jobs': set()}
parmake_sub_01: putting result in result_queue..
parmake_sub_01: (done)
parmake_sub_01: ...done.
parmake_sub_01: Listening for job
parmake_sub_01: got job: (<function parmake_job2 at 0x7f4e56f72830>, ('autogenerated.book.yaml-22-curriculum-editing-a2871f5b-ad17f7eb', <compmake.context.Context object at 0x7f4e4d5adc10>, '139974297663120', False))
parmake_sub_01: result: {'user_object': None, 'user_object_deps': set(), 'new_jobs': [], 'deleted_jobs': set()}
parmake_sub_01: putting result in result_queue..
parmake_sub_01: (done)
parmake_sub_01: ...done.
parmake_sub_01: Listening for job
parmake_sub_01: got job: (<function parmake_job2 at 0x7f4e56f72830>, ('autogenerated.book.yaml-00-overview-2c08751f-ce611453-source_info', <compmake.context.Context object at 0x7f4e4d7fd1d0>, '139974297663120', False))
parmake_sub_01: result: {'user_object': None, 'user_object_deps': set(), 'new_jobs': [], 'deleted_jobs': set()}
parmake_sub_01: putting result in result_queue..
parmake_sub_01: (done)
parmake_sub_01: ...done.
parmake_sub_01: Listening for job
parmake_sub_01: got job: (<function parmake_job2 at 0x7f4e56f72830>, ('autogenerated.book.yaml-00-overview-3202e0fa-9e537450', <compmake.context.Context object at 0x7f4e4d564510>, '139974297663120', False))
parmake_sub_01: result: {'user_object': None, 'user_object_deps': set(), 'new_jobs': [], 'deleted_jobs': set()}
parmake_sub_01: putting result in result_queue..
parmake_sub_01: (done)
parmake_sub_01: ...done.
parmake_sub_01: Listening for job
parmake_sub_01: got job: (<function parmake_job2 at 0x7f4e56f72830>, ('autogenerated.book.yaml-23-ros-subscriber-a20e9a23-0fc5af5c-source_info', <compmake.context.Context object at 0x7f4e4d595fd0>, '139974297663120', False))
parmake_sub_01: result: {'user_object': None, 'user_object_deps': set(), 'new_jobs': [], 'deleted_jobs': set()}
parmake_sub_01: putting result in result_queue..
parmake_sub_01: (done)
parmake_sub_01: ...done.
parmake_sub_01: Listening for job
parmake_sub_01: got job: (<function parmake_job2 at 0x7f4e56f72830>, ('autogenerated.book.yaml-10-pid-31267f6a-6308e56f', <compmake.context.Context object at 0x7f4e4d572f50>, '139974297663120', False))
parmake_sub_01: result: {'user_object': None, 'user_object_deps': set(), 'new_jobs': [], 'deleted_jobs': set()}
parmake_sub_01: putting result in result_queue..
parmake_sub_01: (done)
parmake_sub_01: ...done.
parmake_sub_01: Listening for job
parmake_sub_01: got job: (<function parmake_job2 at 0x7f4e56f72830>, ('autogenerated.book.yaml-11-circuitry-simple-46e5b376-72b6612f-source_info', <compmake.context.Context object at 0x7f4e4d572fd0>, '139974297663120', False))
parmake_sub_01: result: {'user_object': None, 'user_object_deps': set(), 'new_jobs': [], 'deleted_jobs': set()}
parmake_sub_01: putting result in result_queue..
parmake_sub_01: (done)
parmake_sub_01: ...done.
parmake_sub_01: Listening for job
parmake_sub_01: got job: (<function parmake_job2 at 0x7f4e56f72830>, ('autogenerated.book.yaml-31-operation-sensors-4da23da8-2188c1d2', <compmake.context.Context object at 0x7f4e4db62410>, '139974297663120', False))
parmake_sub_01: result: {'user_object': None, 'user_object_deps': set(), 'new_jobs': [], 'deleted_jobs': set()}
parmake_sub_01: putting result in result_queue..
parmake_sub_01: (done)
parmake_sub_01: ...done.
parmake_sub_01: Listening for job
parmake_sub_01: got job: (<function parmake_job2 at 0x7f4e56f72830>, ('autogenerated.book.yaml-13-relevance-ethics-22758c17-773f0d4a', <compmake.context.Context object at 0x7f4e4db8de90>, '139974297663120', False))
parmake_sub_01: result: {'user_object': None, 'user_object_deps': set(), 'new_jobs': [], 'deleted_jobs': set()}
parmake_sub_01: putting result in result_queue..
parmake_sub_01: (done)
parmake_sub_01: ...done.
parmake_sub_01: Listening for job
parmake_sub_01: got job: (<function parmake_job2 at 0x7f4e56f72830>, ('autogenerated.book.yaml-10-relevance-d39a3df9-e1604588', <compmake.context.Context object at 0x7f4e4db8de50>, '139974297663120', False))
parmake_sub_01: result: {'user_object': None, 'user_object_deps': set(), 'new_jobs': [], 'deleted_jobs': set()}
parmake_sub_01: putting result in result_queue..
parmake_sub_01: (done)
parmake_sub_01: ...done.
parmake_sub_01: Listening for job
parmake_sub_01: got job: (<function parmake_job2 at 0x7f4e56f72830>, ('autogenerated.book.yaml-10-pi-9dc80b4d-8add2a97', <compmake.context.Context object at 0x7f4e4db8da50>, '139974297663120', False))
parmake_sub_01: result: {'user_object': None, 'user_object_deps': set(), 'new_jobs': [], 'deleted_jobs': set()}
parmake_sub_01: putting result in result_queue..
parmake_sub_01: (done)
parmake_sub_01: ...done.
parmake_sub_01: Listening for job
parmake_sub_01: got job: (<function parmake_job2 at 0x7f4e56f72830>, ('autogenerated.book.yaml-00-overview-4ae317cf-6c69ed60-source_info', <compmake.context.Context object at 0x7f4e4daa7590>, '139974297663120', False))
parmake_sub_01: result: {'user_object': None, 'user_object_deps': set(), 'new_jobs': [], 'deleted_jobs': set()}
parmake_sub_01: putting result in result_queue..
parmake_sub_01: (done)
parmake_sub_01: ...done.
parmake_sub_01: Listening for job
parmake_sub_01: got job: (<function parmake_job2 at 0x7f4e56f72830>, ('autogenerated.book.yaml-20-soldering-05be6c28-4da1a0bf-source_info', <compmake.context.Context object at 0x7f4e4db8da90>, '139974297663120', False))
parmake_sub_01: result: {'user_object': None, 'user_object_deps': set(), 'new_jobs': [], 'deleted_jobs': set()}
parmake_sub_01: putting result in result_queue..
parmake_sub_01: (done)
parmake_sub_01: ...done.
parmake_sub_01: Listening for job
parmake_sub_01: got job: (<function parmake_job2 at 0x7f4e56f72830>, ('autogenerated.book.yaml-13-circuitry-signals-f1eb1b08-8f3a6b9a-source_info', <compmake.context.Context object at 0x7f4e4db8de50>, '139974297663120', False))
parmake_sub_01: result: {'user_object': None, 'user_object_deps': set(), 'new_jobs': [], 'deleted_jobs': set()}
parmake_sub_01: putting result in result_queue..
parmake_sub_01: (done)
parmake_sub_01: ...done.
parmake_sub_01: Listening for job
parmake_sub_01: got job: (<function parmake_job2 at 0x7f4e56f72830>, ('autogenerated.book.yaml-12-pi-bash-e85825df-f4dc9335', <compmake.context.Context object at 0x7f4e4db8dd90>, '139974297663120', False))
parmake_sub_01: result: {'user_object': None, 'user_object_deps': set(), 'new_jobs': [], 'deleted_jobs': set()}
parmake_sub_01: putting result in result_queue..
parmake_sub_01: (done)
parmake_sub_01: ...done.
parmake_sub_01: Listening for job
parmake_sub_01: got job: (<function parmake_job2 at 0x7f4e56f72830>, ('autogenerated.book.yaml-bibliography-edfa9df2', <compmake.context.Context object at 0x7f4e4d59c910>, '139974297663120', False))
parmake_sub_01: result: {'user_object': None, 'user_object_deps': set(), 'new_jobs': [], 'deleted_jobs': set()}
parmake_sub_01: putting result in result_queue..
parmake_sub_01: (done)
parmake_sub_01: ...done.
parmake_sub_01: Listening for job
parmake_sub_01: got job: (<function parmake_job2 at 0x7f4e56f72830>, ('autogenerated.book.yaml-10-sensing-84c285dd-cb0dc094-source_info', <compmake.context.Context object at 0x7f4e4db8d9d0>, '139974297663120', False))
parmake_sub_01: result: {'user_object': None, 'user_object_deps': set(), 'new_jobs': [], 'deleted_jobs': set()}
parmake_sub_01: putting result in result_queue..
parmake_sub_01: (done)
parmake_sub_01: ...done.
parmake_sub_01: Listening for job
parmake_sub_01: got job: (<function parmake_job2 at 0x7f4e56f72830>, ('autogenerated.book.yaml-21-soldering-introduction-c64c7e0c-cdb98cc6-source_info', <compmake.context.Context object at 0x7f4e4da8c150>, '139974297663120', False))
parmake_sub_01: result: {'user_object': None, 'user_object_deps': set(), 'new_jobs': [], 'deleted_jobs': set()}
parmake_sub_01: putting result in result_queue..
parmake_sub_01: (done)
parmake_sub_01: ...done.
parmake_sub_01: Listening for job
parmake_sub_01: got job: (<function parmake_job2 at 0x7f4e56f72830>, ('autogenerated.book.yaml-22-ros-publisher-95b1b3d0-8c263d83-source_info', <compmake.context.Context object at 0x7f4e4f50f290>, '139974297663120', False))
parmake_sub_01: result: {'user_object': None, 'user_object_deps': set(), 'new_jobs': [], 'deleted_jobs': set()}
parmake_sub_01: putting result in result_queue..
parmake_sub_01: (done)
parmake_sub_01: ...done.
parmake_sub_01: Listening for job
parmake_sub_01: got job: (<function parmake_job2 at 0x7f4e56f72830>, ('autogenerated.book.yaml-00-overview-e3ac6a07-4cca9a7b-source_info', <compmake.context.Context object at 0x7f4e4d9ed090>, '139974297663120', False))
parmake_sub_01: result: {'user_object': None, 'user_object_deps': set(), 'new_jobs': [], 'deleted_jobs': set()}
parmake_sub_01: putting result in result_queue..
parmake_sub_01: (done)
parmake_sub_01: ...done.
parmake_sub_01: Listening for job
parmake_sub_01: got job: (<function parmake_job2 at 0x7f4e56f72830>, ('autogenerated.book.yaml-32-operation-safety-1829b224-59a23c75', <compmake.context.Context object at 0x7f4e4d9ed0d0>, '139974297663120', False))
parmake_sub_01: result: {'user_object': None, 'user_object_deps': set(), 'new_jobs': [], 'deleted_jobs': set()}
parmake_sub_01: putting result in result_queue..
parmake_sub_01: (done)
parmake_sub_01: ...done.
parmake_sub_01: Listening for job
parmake_sub_01: got job: (<function parmake_job2 at 0x7f4e56f72830>, ('autogenerated.book.yaml-10-pid-31267f6a-6308e56f-source_info', <compmake.context.Context object at 0x7f4e4d9ed390>, '139974297663120', False))
parmake_sub_01: result: {'user_object': None, 'user_object_deps': set(), 'new_jobs': [], 'deleted_jobs': set()}
parmake_sub_01: putting result in result_queue..
parmake_sub_01: (done)
parmake_sub_01: ...done.
parmake_sub_01: Listening for job
parmake_sub_01: got job: (<function parmake_job2 at 0x7f4e56f72830>, ('autogenerated.book.yaml-10-circuitry-57aec667-ef5dd45c-source_info', <compmake.context.Context object at 0x7f4e4da44f10>, '139974297663120', False))
parmake_sub_01: result: {'user_object': None, 'user_object_deps': set(), 'new_jobs': [], 'deleted_jobs': set()}
parmake_sub_01: putting result in result_queue..
parmake_sub_01: (done)
parmake_sub_01: ...done.
parmake_sub_01: Listening for job
parmake_sub_01: got job: (<function parmake_job2 at 0x7f4e56f72830>, ('autogenerated.book.yaml-11-pi-networking-c26dd4c2-c522e0dc', <compmake.context.Context object at 0x7f4e4d9ed2d0>, '139974297663120', False))
parmake_sub_01: result: {'user_object': None, 'user_object_deps': set(), 'new_jobs': [], 'deleted_jobs': set()}
parmake_sub_01: putting result in result_queue..
parmake_sub_01: (done)
parmake_sub_01: ...done.
parmake_sub_01: Listening for job
parmake_sub_01: got job: (<function parmake_job2 at 0x7f4e56f72830>, ('autogenerated.book.yaml-00-overview-f563a989-b3b6ab0d-source_info', <compmake.context.Context object at 0x7f4e4dab20d0>, '139974297663120', False))
parmake_sub_01: result: {'user_object': None, 'user_object_deps': set(), 'new_jobs': [], 'deleted_jobs': set()}
parmake_sub_01: putting result in result_queue..
parmake_sub_01: (done)
parmake_sub_01: ...done.
parmake_sub_01: Listening for job
parmake_sub_01: got job: (<function parmake_job2 at 0x7f4e56f72830>, ('autogenerated.book.yaml-21-imu-intro-d99ab088-79cadeb6-source_info', <compmake.context.Context object at 0x7f4e4db0d210>, '139974297663120', False))
parmake_sub_01: result: {'user_object': None, 'user_object_deps': set(), 'new_jobs': [], 'deleted_jobs': set()}
parmake_sub_01: putting result in result_queue..
parmake_sub_01: (done)
parmake_sub_01: ...done.
parmake_sub_01: Listening for job
parmake_sub_01: got job: (<function parmake_job2 at 0x7f4e56f72830>, ('autogenerated.book.yaml-get_cross_refs', <compmake.context.Context object at 0x7f4e4db8de50>, '139974297663120', False))
parmake_sub_01: result: {'user_object': None, 'user_object_deps': set(), 'new_jobs': [], 'deleted_jobs': set()}
parmake_sub_01: putting result in result_queue..
parmake_sub_01: (done)
parmake_sub_01: ...done.
parmake_sub_01: Listening for job
parmake_sub_01: got job: (<function parmake_job2 at 0x7f4e56f72830>, ('autogenerated.book.yaml-10-basics-f1351c31-1ce81e16-source_info', <compmake.context.Context object at 0x7f4e4f50f290>, '139974297663120', False))
parmake_sub_01: result: {'user_object': None, 'user_object_deps': set(), 'new_jobs': [], 'deleted_jobs': set()}
parmake_sub_01: putting result in result_queue..
parmake_sub_01: (done)
parmake_sub_01: ...done.
parmake_sub_01: Listening for job
parmake_sub_01: got job: (<function parmake_job2 at 0x7f4e56f72830>, ('autogenerated.book.yaml-00-overview-67405966-01a4e3ed', <compmake.context.Context object at 0x7f4e4db84ad0>, '139974297663120', False))
parmake_sub_01: result: {'user_object': None, 'user_object_deps': set(), 'new_jobs': [], 'deleted_jobs': set()}
parmake_sub_01: putting result in result_queue..
parmake_sub_01: (done)
parmake_sub_01: ...done.
parmake_sub_01: Listening for job
parmake_sub_01: got job: (<function parmake_job2 at 0x7f4e56f72830>, ('autogenerated.book.yaml-00-overview-1eb9016b-0177e2bd-source_info', <compmake.context.Context object at 0x7f4e4cc8d450>, '139974297663120', False))
parmake_sub_01: result: {'user_object': None, 'user_object_deps': set(), 'new_jobs': [], 'deleted_jobs': set()}
parmake_sub_01: putting result in result_queue..
parmake_sub_01: (done)
parmake_sub_01: ...done.
parmake_sub_01: Listening for job
parmake_sub_01: got job: (<function parmake_job2 at 0x7f4e56f72830>, ('autogenerated.book.yaml-12-camera-localization-f6faec59-b69ee7c6-source_info', <compmake.context.Context object at 0x7f4e4cd8b810>, '139974297663120', False))
parmake_sub_01: result: {'user_object': None, 'user_object_deps': set(), 'new_jobs': [], 'deleted_jobs': set()}
parmake_sub_01: putting result in result_queue..
parmake_sub_01: (done)
parmake_sub_01: ...done.
parmake_sub_01: Listening for job
parmake_sub_01: got job: (<function parmake_job2 at 0x7f4e56f72830>, ('autogenerated.book.yaml-11-motors-intro-33282b04-95368cec-source_info', <compmake.context.Context object at 0x7f4e4cd8fb50>, '139974297663120', False))
parmake_sub_01: result: {'user_object': None, 'user_object_deps': set(), 'new_jobs': [], 'deleted_jobs': set()}
parmake_sub_01: putting result in result_queue..
parmake_sub_01: (done)
parmake_sub_01: ...done.
parmake_sub_01: Listening for job
parmake_sub_01: got job: (<function parmake_job2 at 0x7f4e56f72830>, ('autogenerated.book.yaml-00-index-3bef1d09-c6286424-source_info', <compmake.context.Context object at 0x7f4e4cd91e50>, '139974297663120', False))
parmake_sub_01: result: {'user_object': None, 'user_object_deps': set(), 'new_jobs': [], 'deleted_jobs': set()}
parmake_sub_01: putting result in result_queue..
parmake_sub_01: (done)
parmake_sub_01: ...done.
parmake_sub_01: Listening for job
parmake_sub_01: got job: (<function parmake_job2 at 0x7f4e56f72830>, ('autogenerated.book.yaml-00-overview-f563a989-b3b6ab0d', <compmake.context.Context object at 0x7f4e4cf2db10>, '139974297663120', False))
parmake_sub_01: result: {'user_object': None, 'user_object_deps': set(), 'new_jobs': [], 'deleted_jobs': set()}
parmake_sub_01: putting result in result_queue..
parmake_sub_01: (done)
parmake_sub_01: ...done.
parmake_sub_01: Listening for job
parmake_sub_01: got job: (<function parmake_job2 at 0x7f4e56f72830>, ('autogenerated.book.yaml-10-relevance-d39a3df9-e1604588-source_info', <compmake.context.Context object at 0x7f4e4def4110>, '139974297663120', False))
parmake_sub_01: result: {'user_object': None, 'user_object_deps': set(), 'new_jobs': [], 'deleted_jobs': set()}
parmake_sub_01: putting result in result_queue..
parmake_sub_01: (done)
parmake_sub_01: ...done.
parmake_sub_01: Listening for job
parmake_sub_01: got job: (<function parmake_job2 at 0x7f4e56f72830>, ('autogenerated.book.yaml-30-operation-0345f4e5-2c5dcd6e-source_info', <compmake.context.Context object at 0x7f4e4cdcff10>, '139974297663120', False))
parmake_sub_01: result: {'user_object': None, 'user_object_deps': set(), 'new_jobs': [], 'deleted_jobs': set()}
parmake_sub_01: putting result in result_queue..
parmake_sub_01: (done)
parmake_sub_01: ...done.
parmake_sub_01: Listening for job
parmake_sub_01: got job: (<function parmake_job2 at 0x7f4e56f72830>, ('autogenerated.book.yaml-00-overview-4db17384-3ac31425', <compmake.context.Context object at 0x7f4e4cf1ba50>, '139974297663120', False))
parmake_sub_01: result: {'user_object': None, 'user_object_deps': set(), 'new_jobs': [], 'deleted_jobs': set()}
parmake_sub_01: putting result in result_queue..
parmake_sub_01: (done)
parmake_sub_01: ...done.
parmake_sub_01: Listening for job
parmake_sub_01: got job: (<function parmake_job2 at 0x7f4e56f72830>, ('autogenerated.book.yaml-10-duckiesky-bibliography-0cfa9c61-98eabf2e', <compmake.context.Context object at 0x7f4e4def4110>, '139974297663120', False))
parmake_sub_01: result: {'user_object': None, 'user_object_deps': set(), 'new_jobs': [], 'deleted_jobs': set()}
parmake_sub_01: putting result in result_queue..
parmake_sub_01: (done)
parmake_sub_01: ...done.
parmake_sub_01: Listening for job
parmake_sub_01: got job: (<function parmake_job2 at 0x7f4e56f72830>, ('autogenerated.book.yaml-00-overview-0b9b060d-63fcbec3-source_info', <compmake.context.Context object at 0x7f4e4cd54990>, '139974297663120', False))
parmake_sub_01: result: {'user_object': None, 'user_object_deps': set(), 'new_jobs': [], 'deleted_jobs': set()}
parmake_sub_01: putting result in result_queue..
parmake_sub_01: (done)
parmake_sub_01: ...done.
parmake_sub_01: Listening for job
parmake_sub_01: got job: (<function parmake_job2 at 0x7f4e56f72830>, ('autogenerated.book.yaml-11-pid-intro-f3f76bd6-9c8b97e7-source_info', <compmake.context.Context object at 0x7f4e4c2bbcd0>, '139974297663120', False))
parmake_sub_01: result: {'user_object': None, 'user_object_deps': set(), 'new_jobs': [], 'deleted_jobs': set()}
parmake_sub_01: putting result in result_queue..
parmake_sub_01: (done)
parmake_sub_01: ...done.
parmake_sub_01: Listening for job
parmake_sub_01: got job: (<function parmake_job2 at 0x7f4e56f72830>, ('autogenerated.book.yaml-23-curriculum-student-785af22a-0f50f7f7', <compmake.context.Context object at 0x7f4e4def4110>, '139974297663120', False))
parmake_sub_01: result: {'user_object': None, 'user_object_deps': set(), 'new_jobs': [], 'deleted_jobs': set()}
parmake_sub_01: putting result in result_queue..
parmake_sub_01: (done)
parmake_sub_01: ...done.
parmake_sub_01: Listening for job
parmake_sub_01: got job: (<function parmake_job2 at 0x7f4e56f72830>, ('autogenerated.book.yaml-13-pid-implementation-279316f2-41dcd64c-source_info', <compmake.context.Context object at 0x7f4e4c447b90>, '139974297663120', False))
parmake_sub_01: result: {'user_object': None, 'user_object_deps': set(), 'new_jobs': [], 'deleted_jobs': set()}
parmake_sub_01: putting result in result_queue..
parmake_sub_01: (done)
parmake_sub_01: ...done.
parmake_sub_01: Listening for job
parmake_sub_01: got job: (<function parmake_job2 at 0x7f4e56f72830>, ('autogenerated.book.yaml-20-curriculum-073fffd0-7f33f2d1', <compmake.context.Context object at 0x7f4e4c475a50>, '139974297663120', False))
parmake_sub_01: result: {'user_object': None, 'user_object_deps': set(), 'new_jobs': [], 'deleted_jobs': set()}
parmake_sub_01: putting result in result_queue..
parmake_sub_01: (done)
parmake_sub_01: ...done.
parmake_sub_01: Listening for job
parmake_sub_01: got job: (<function parmake_job2 at 0x7f4e56f72830>, ('autogenerated.book.yaml-11-pid-intro-f3f76bd6-9c8b97e7', <compmake.context.Context object at 0x7f4e4d9ed550>, '139974297663120', False))
parmake_sub_01: result: {'user_object': None, 'user_object_deps': set(), 'new_jobs': [], 'deleted_jobs': set()}
parmake_sub_01: putting result in result_queue..
parmake_sub_01: (done)
parmake_sub_01: ...done.
parmake_sub_01: Listening for job
parmake_sub_01: got job: (<function parmake_job2 at 0x7f4e56f72830>, ('autogenerated.book.yaml-30-operation-0345f4e5-2c5dcd6e', <compmake.context.Context object at 0x7f4e4c8b8c10>, '139974297663120', False))
parmake_sub_01: result: {'user_object': None, 'user_object_deps': set(), 'new_jobs': [], 'deleted_jobs': set()}
parmake_sub_01: putting result in result_queue..
parmake_sub_01: (done)
parmake_sub_01: ...done.
parmake_sub_01: Listening for job
parmake_sub_01: got job: (<function parmake_job2 at 0x7f4e56f72830>, ('autogenerated.book.yaml-00-overview-c96537d0-911c4aba-source_info', <compmake.context.Context object at 0x7f4e4cef7a90>, '139974297663120', False))
parmake_sub_01: result: {'user_object': None, 'user_object_deps': set(), 'new_jobs': [], 'deleted_jobs': set()}
parmake_sub_01: putting result in result_queue..
parmake_sub_01: (done)
parmake_sub_01: ...done.
parmake_sub_01: Listening for job
parmake_sub_01: got job: (<function parmake_job2 at 0x7f4e56f72830>, ('autogenerated.book.yaml-10-duckiesky-bibliography-0cfa9c61-98eabf2e-source_info', <compmake.context.Context object at 0x7f4e4ce87490>, '139974297663120', False))
parmake_sub_01: result: {'user_object': None, 'user_object_deps': set(), 'new_jobs': [], 'deleted_jobs': set()}
parmake_sub_01: putting result in result_queue..
parmake_sub_01: (done)
parmake_sub_01: ...done.
parmake_sub_01: Listening for job
parmake_sub_01: got job: (<function parmake_job2 at 0x7f4e56f72830>, ('autogenerated.book.yaml-13-relevance-ethics-22758c17-773f0d4a-source_info', <compmake.context.Context object at 0x7f4e47fb7c90>, '139974297663120', False))
parmake_sub_01: result: {'user_object': None, 'user_object_deps': set(), 'new_jobs': [], 'deleted_jobs': set()}
parmake_sub_01: putting result in result_queue..
parmake_sub_01: (done)
parmake_sub_01: ...done.
parmake_sub_01: Listening for job
parmake_sub_01: got job: (<function parmake_job2 at 0x7f4e56f72830>, ('autogenerated.book.yaml-html_draft-context', <compmake.context.Context object at 0x7f4e4c5c4710>, '139974297663120', False))
parmake_sub_01: result: {'user_object': None, 'user_object_deps': set(), 'new_jobs': [], 'deleted_jobs': set()}
parmake_sub_01: putting result in result_queue..
parmake_sub_01: (done)
parmake_sub_01: ...done.
parmake_sub_01: Listening for job
parmake_sub_01: got job: (<function parmake_job2 at 0x7f4e56f72830>, ('autogenerated.book.yaml-join-1-', <compmake.context.Context object at 0x7f4e4c44d210>, '139974297663120', False))
parmake_sub_01: result: {'user_object': None, 'user_object_deps': set(), 'new_jobs': [], 'deleted_jobs': set()}
parmake_sub_01: putting result in result_queue..
parmake_sub_01: (done)
parmake_sub_01: ...done.
parmake_sub_01: Listening for job
parmake_sub_01: got job: (<function parmake_job2 at 0x7f4e56f72830>, ('autogenerated.book.yaml-html_ready-mark_errors_and_rest', <compmake.context.Context object at 0x7f4e4c82f910>, '139974297663120', False))
parmake_sub_01: result: {'user_object': None, 'user_object_deps': set(), 'new_jobs': [], 'deleted_jobs': set()}
parmake_sub_01: putting result in result_queue..
parmake_sub_01: (done)
parmake_sub_01: ...done.
parmake_sub_01: Listening for job
parmake_sub_01: got job: (<function parmake_job2 at 0x7f4e56f72830>, ('autogenerated.book.yaml-html_ready-add_style', <compmake.context.Context object at 0x7f4e4d0c6bd0>, '139974297663120', False))
parmake_sub_01: result: {'user_object': None, 'user_object_deps': set(), 'new_jobs': [], 'deleted_jobs': set()}
parmake_sub_01: putting result in result_queue..
parmake_sub_01: (done)
parmake_sub_01: ...done.
parmake_sub_01: Listening for job
parmake_sub_01: got job: (<function parmake_job2 at 0x7f4e56f72830>, ('autogenerated.book.yaml-html_ready-get_extra_content', <compmake.context.Context object at 0x7f4e4cf67a10>, '139974297663120', False))
parmake_sub_01: result: {'user_object': None, 'user_object_deps': set(), 'new_jobs': [], 'deleted_jobs': set()}
parmake_sub_01: putting result in result_queue..
parmake_sub_01: (done)
parmake_sub_01: ...done.
parmake_sub_01: Listening for job
parmake_sub_01: got job: (<function parmake_job2 at 0x7f4e56f72830>, ('autogenerated.book.yaml-html_ready-create_split_jobs', <compmake.context.Context object at 0x7f4e4cf3d110>, '139974297663120', False))
parmake_sub_01: result: {'user_object': None, 'user_object_deps': {'autogenerated.book.yaml-html_ready-f756-notification', 'autogenerated.book.yaml-html_ready-f756-_dynreports_merge'}, 'new_jobs': {'autogenerated.book.yaml-html_ready-f756-notification', 'autogenerated.book.yaml-html_ready-f756-context', 'autogenerated.book.yaml-html_ready-f756-go_worker', 'autogenerated.book.yaml-html_ready-f756-_dynreports_getbra', 'autogenerated.book.yaml-html_ready-f756-_dynreports_getres', 'autogenerated.book.yaml-html_ready-f756-download_reveal', 'autogenerated.book.yaml-html_ready-f756-_dynreports_merge'}, 'deleted_jobs': set()}
parmake_sub_01: putting result in result_queue..
parmake_sub_01: (done)
parmake_sub_01: ...done.
parmake_sub_01: Listening for job
parmake_sub_01: got job: (<function parmake_job2 at 0x7f4e56f72830>, ('autogenerated.book.yaml-html_ready-f756-context', <compmake.context.Context object at 0x7f4e4cf39d50>, '139974297663120', False))
parmake_sub_01: result: {'user_object': None, 'user_object_deps': set(), 'new_jobs': [], 'deleted_jobs': set()}
parmake_sub_01: putting result in result_queue..
parmake_sub_01: (done)
parmake_sub_01: ...done.
parmake_sub_01: Listening for job
parmake_sub_01: got job: (<function parmake_job2 at 0x7f4e56f72830>, ('autogenerated.book.yaml-html_ready-f756-go_worker', <compmake.context.Context object at 0x7f4e4d398d10>, '139974297663120', False))
parmake_sub_01: result: {'user_object': None, 'user_object_deps': {'autogenerated.book.yaml-html_ready-f756-wait_assets'}, 'new_jobs': {'autogenerated.book.yaml-html_ready-f756-electronics_circuitry_simple.html-7289b8d3-assets', 'autogenerated.book.yaml-html_ready-f756-computing.html-7de35507-assets', 'autogenerated.book.yaml-html_ready-f756-sac3_imu_intro.html-0a68eb22-assets', 'autogenerated.book.yaml-html_ready-f756-localization_camera_images.html-78f02bfb-assets', 'autogenerated.book.yaml-html_ready-f756-sac2_sensing_reading.html-70c0128b-assets', 'autogenerated.book.yaml-html_ready-f756-index.html-b6a827c6-assets', 'autogenerated.book.yaml-html_ready-f756-introduction_operation_safety.html-13f72733-assets', 'autogenerated.book.yaml-html_ready-f756-electronics_soldering_skill.html-af70afca-assets', 'autogenerated.book.yaml-html_ready-f756-sac2.html-38fa660b-assets', 'autogenerated.book.yaml-html_ready-f756-sac2_sensing_calibration.html-24786173-assets', 'autogenerated.book.yaml-html_ready-f756-electronics.html-2e64ba18-assets', 'autogenerated.book.yaml-html_ready-f756-sac3_motors_intro.html-a0d75487-assets', 'autogenerated.book.yaml-html_ready-f756-bibliography.html-f6626505-assets', 'autogenerated.book.yaml-html_ready-f756-build4.html-e2264094-assets', 'autogenerated.book.yaml-html_ready-f756-introduction_curriculum_github.html-6a79dcaf-assets', 'autogenerated.book.yaml-html_ready-f756-introduction_template.html-0c9673cf-assets', 'autogenerated.book.yaml-html_ready-f756-loop.html-6a29187b-assets', 'autogenerated.book.yaml-html_ready-f756-sac1.html-8357830a-assets', 'autogenerated.book.yaml-html_ready-f756-electronics_circuitry_signals.html-971567bb-assets', 'autogenerated.book.yaml-html_ready-f756-sac1_basics_sensors.html-0653711e-assets', 'autogenerated.book.yaml-html_ready-f756-introduction_curriculum_student.html-0b9931e4-assets', 'autogenerated.book.yaml-html_ready-f756-sac3.html-e81eb5fc-assets', 'autogenerated.book.yaml-html_ready-f756-build1.html-69e21e4e-assets', 'autogenerated.book.yaml-html_ready-f756-advanced.html-a4fc2119-assets', 'autogenerated.book.yaml-html_ready-f756-loop_pid_intro.html-9f0ed3f1-assets', 'autogenerated.book.yaml-html_ready-f756-localization_camera_localization.html-931b169a-assets', 'autogenerated.book.yaml-html_ready-f756-introduction.html-3fed54bb-assets', 'autogenerated.book.yaml-html_ready-f756-introduction_operation_sensors.html-38204960-assets', 'autogenerated.book.yaml-html_ready-f756-computing_pi_bash.html-2e54b24f-assets', 'autogenerated.book.yaml-html_ready-f756-introduction_curriculum_editing.html-ce8bd36f-assets', 'autogenerated.book.yaml-html_ready-f756-loop_pid_terms.html-9a185257-assets', 'autogenerated.book.yaml-html_ready-f756-localization.html-35628b31-assets', 'autogenerated.book.yaml-html_ready-f756-remove_spurious', 'autogenerated.book.yaml-html_ready-f756-bibliography_part.html-2fe21221-assets', 'autogenerated.book.yaml-html_ready-f756-sac2_ros_intro.html-1dc2950a-assets', 'autogenerated.book.yaml-html_ready-f756-introduction_relevance_ethics.html-1e034dbb-assets', 'autogenerated.book.yaml-html_ready-f756-computing_pi_led.html-3f17c401-assets', 'autogenerated.book.yaml-html_ready-f756-sac2_ros_publisher.html-5682b989-assets', 'autogenerated.book.yaml-html_ready-f756-build3.html-2c632ede-assets', 'autogenerated.book.yaml-html_ready-f756-pi_networking.html-59899b8d-assets', 'autogenerated.book.yaml-html_ready-f756-electronics_soldering_troubleshooting.html-4fbaf354-assets', 'autogenerated.book.yaml-html_ready-f756-wait_assets', 'autogenerated.book.yaml-html_ready-f756-sac2_ros_subscriber.html-fbc8b472-assets', 'autogenerated.book.yaml-html_ready-f756-electronics_circuitry_voltage.html-1691e811-assets', 'autogenerated.book.yaml-html_ready-f756-build2.html-1a701a1a-assets', 'autogenerated.book.yaml-html_ready-f756-electronics_soldering_introduction.html-a94dd760-assets', 'autogenerated.book.yaml-html_ready-f756-loop_pid_implementation.html-96e89f07-assets', 'autogenerated.book.yaml-html_ready-f756-state.html-737dcb3a-assets', 'autogenerated.book.yaml-html_ready-f756-introduction_relevance_society.html-3942c3e8-assets'}, 'deleted_jobs': set()}
parmake_sub_01: putting result in result_queue..
parmake_sub_01: (done)
parmake_sub_01: ...done.
parmake_sub_01: Listening for job
parmake_sub_01: got job: (<function parmake_job2 at 0x7f4e56f72830>, ('autogenerated.book.yaml-html_draft-write_ustring_res', <compmake.context.Context object at 0x7f4e4d0f5ad0>, '139974297663120', False))
parmake_sub_01: result: {'user_object': None, 'user_object_deps': set(), 'new_jobs': [], 'deleted_jobs': set()}
parmake_sub_01: putting result in result_queue..
parmake_sub_01: (done)
parmake_sub_01: ...done.
parmake_sub_01: Listening for job
parmake_sub_01: got job: (<function parmake_job2 at 0x7f4e56f72830>, ('autogenerated.book.yaml-html_ready-f756-remove_spurious', <compmake.context.Context object at 0x7f4e4cef5290>, '139974297663120', False))
parmake_sub_01: result: {'user_object': None, 'user_object_deps': set(), 'new_jobs': [], 'deleted_jobs': set()}
parmake_sub_01: putting result in result_queue..
parmake_sub_01: (done)
parmake_sub_01: ...done.
parmake_sub_01: Listening for job
parmake_sub_01: got job: (<function parmake_job2 at 0x7f4e56f72830>, ('autogenerated.book.yaml-html_draft-b40d-remove_spurious', <compmake.context.Context object at 0x7f4e4cf28050>, '139974297663120', False))
parmake_sub_01: result: {'user_object': None, 'user_object_deps': set(), 'new_jobs': [], 'deleted_jobs': set()}
parmake_sub_01: putting result in result_queue..
parmake_sub_01: (done)
parmake_sub_01: ...done.
parmake_sub_01: Listening for job
parmake_sub_01: got job: (<function parmake_job2 at 0x7f4e56f72830>, ('autogenerated.book.yaml-html_ready-write_manifest_html', <compmake.context.Context object at 0x7f4e4cf28d10>, '139974297663120', False))
parmake_sub_01: result: {'user_object': None, 'user_object_deps': set(), 'new_jobs': [], 'deleted_jobs': set()}
parmake_sub_01: putting result in result_queue..
parmake_sub_01: (done)
parmake_sub_01: ...done.
parmake_sub_01: Listening for job
parmake_sub_01: got job: (<function parmake_job2 at 0x7f4e56f72830>, ('autogenerated.book.yaml-pdf_tablet-mark_errors_and_rest', <compmake.context.Context object at 0x7f4e4d406490>, '139974297663120', False))
parmake_sub_01: result: {'user_object': None, 'user_object_deps': set(), 'new_jobs': [], 'deleted_jobs': set()}
parmake_sub_01: putting result in result_queue..
parmake_sub_01: (done)
parmake_sub_01: ...done.
parmake_sub_01: Listening for job
parmake_sub_01: got job: (<function parmake_job2 at 0x7f4e56f72830>, ('autogenerated.book.yaml-pdf_tablet-add_style', <compmake.context.Context object at 0x7f4e4cf28690>, '139974297663120', False))
parmake_sub_01: result: {'user_object': None, 'user_object_deps': set(), 'new_jobs': [], 'deleted_jobs': set()}
parmake_sub_01: putting result in result_queue..
parmake_sub_01: (done)
parmake_sub_01: ...done.
parmake_sub_01: Listening for job
parmake_sub_01: got job: (<function parmake_job2 at 0x7f4e56f72830>, ('autogenerated.book.yaml-pdf_tablet-prerender', <compmake.context.Context object at 0x7f4e4cf28d90>, '139974297663120', False))
parmake_sub_01: result: {'user_object': None, 'user_object_deps': set(), 'new_jobs': [], 'deleted_jobs': set()}
parmake_sub_01: putting result in result_queue..
parmake_sub_01: (done)
parmake_sub_01: ...done.
parmake_sub_01: Listening for job
parmake_sub_01: got job: (<function parmake_job2 at 0x7f4e56f72830>, ('autogenerated.book.yaml-pdf_tablet-render_pdf', <compmake.context.Context object at 0x7f4e4cf391d0>, '139974297663120', False))
parmake_sub_01: result: {'user_object': None, 'user_object_deps': set(), 'new_jobs': [], 'deleted_jobs': set()}
parmake_sub_01: putting result in result_queue..
parmake_sub_01: (done)
parmake_sub_01: ...done.
parmake_sub_01: Listening for job
parmake_sub_01: got job: (<function parmake_job2 at 0x7f4e56f72830>, ('autogenerated.book.yaml-pdf_tablet-write_bytes_to_file', <compmake.context.Context object at 0x7f4e4cf43050>, '139974297663120', False))
parmake_sub_01: result: {'user_object': None, 'user_object_deps': set(), 'new_jobs': [], 'deleted_jobs': set()}
parmake_sub_01: putting result in result_queue..
parmake_sub_01: (done)
parmake_sub_01: ...done.
parmake_sub_01: Listening for job
parmake_sub_01: got job: (<function parmake_job2 at 0x7f4e56f72830>, ('autogenerated.book.yaml-html_ready-f756-sac2_ros_subscriber.html-fbc8b472-assets', <compmake.context.Context object at 0x7f4e4cef5590>, '139974297663120', False))
parmake_sub_01: result: {'user_object': None, 'user_object_deps': set(), 'new_jobs': [], 'deleted_jobs': set()}
parmake_sub_01: putting result in result_queue..
parmake_sub_01: (done)
parmake_sub_01: ...done.
parmake_sub_01: Listening for job
parmake_sub_01: got job: (<function parmake_job2 at 0x7f4e56f72830>, ('autogenerated.book.yaml-html_draft-b40d-bibliography.html-f6626505-assets', <compmake.context.Context object at 0x7f4e4cf708d0>, '139974297663120', False))
parmake_sub_01: result: {'user_object': None, 'user_object_deps': set(), 'new_jobs': [], 'deleted_jobs': set()}
parmake_sub_01: putting result in result_queue..
parmake_sub_01: (done)
parmake_sub_01: ...done.
parmake_sub_01: Listening for job
parmake_sub_01: got job: (<function parmake_job2 at 0x7f4e56f72830>, ('autogenerated.book.yaml-html_draft-b40d-sac2_sensing_reading.html-70c0128b-assets', <compmake.context.Context object at 0x7f4e4ca24dd0>, '139974297663120', False))
parmake_sub_01: result: {'user_object': None, 'user_object_deps': set(), 'new_jobs': [], 'deleted_jobs': set()}
parmake_sub_01: putting result in result_queue..
parmake_sub_01: (done)
parmake_sub_01: ...done.
parmake_sub_01: Listening for job
parmake_sub_01: got job: (<function parmake_job2 at 0x7f4e56f72830>, ('autogenerated.book.yaml-html_draft-b40d-sac2_ros_intro.html-1dc2950a-assets', <compmake.context.Context object at 0x7f4e4cef5dd0>, '139974297663120', False))
parmake_sub_01: result: {'user_object': None, 'user_object_deps': set(), 'new_jobs': [], 'deleted_jobs': set()}
parmake_sub_01: putting result in result_queue..
parmake_sub_01: (done)
parmake_sub_01: ...done.
parmake_sub_01: Listening for job
parmake_sub_01: got job: (<function parmake_job2 at 0x7f4e56f72830>, ('autogenerated.book.yaml-html_draft-b40d-introduction_template.html-0c9673cf-assets', <compmake.context.Context object at 0x7f4e4cef5450>, '139974297663120', False))
parmake_sub_01: result: {'user_object': None, 'user_object_deps': set(), 'new_jobs': [], 'deleted_jobs': set()}
parmake_sub_01: putting result in result_queue..
parmake_sub_01: (done)
parmake_sub_01: ...done.
parmake_sub_01: Listening for job
parmake_sub_01: got job: (<function parmake_job2 at 0x7f4e56f72830>, ('autogenerated.book.yaml-html_draft-b40d-introduction_curriculum_github.html-ff994077-assets', <compmake.context.Context object at 0x7f4e4d18ce50>, '139974297663120', False))
parmake_sub_01: result: {'user_object': None, 'user_object_deps': set(), 'new_jobs': [], 'deleted_jobs': set()}
parmake_sub_01: putting result in result_queue..
parmake_sub_01: (done)
parmake_sub_01: ...done.
parmake_sub_01: Listening for job
parmake_sub_01: got job: (<function parmake_job2 at 0x7f4e56f72830>, ('autogenerated.book.yaml-html_draft-b40d-computing.html-7de35507-assets', <compmake.context.Context object at 0x7f4e4c673790>, '139974297663120', False))
parmake_sub_01: result: {'user_object': None, 'user_object_deps': set(), 'new_jobs': [], 'deleted_jobs': set()}
parmake_sub_01: putting result in result_queue..
parmake_sub_01: (done)
parmake_sub_01: ...done.
parmake_sub_01: Listening for job
parmake_sub_01: got job: (<function parmake_job2 at 0x7f4e56f72830>, ('autogenerated.book.yaml-html_draft-b40d-sac3.html-e81eb5fc-assets', <compmake.context.Context object at 0x7f4e4ca24dd0>, '139974297663120', False))
parmake_sub_01: result: {'user_object': None, 'user_object_deps': set(), 'new_jobs': [], 'deleted_jobs': set()}
parmake_sub_01: putting result in result_queue..
parmake_sub_01: (done)
parmake_sub_01: ...done.
parmake_sub_01: Listening for job
parmake_sub_01: got job: (<function parmake_job2 at 0x7f4e56f72830>, ('autogenerated.book.yaml-html_ready-f756-localization_camera_localization.html-931b169a-assets', <compmake.context.Context object at 0x7f4e4ce7af50>, '139974297663120', False))
parmake_sub_01: result: {'user_object': None, 'user_object_deps': set(), 'new_jobs': [], 'deleted_jobs': set()}
parmake_sub_01: putting result in result_queue..
parmake_sub_01: (done)
parmake_sub_01: ...done.
parmake_sub_01: Listening for job
parmake_sub_01: got job: (<function parmake_job2 at 0x7f4e56f72830>, ('autogenerated.book.yaml-html_ready-f756-introduction_curriculum_student.html-0b9931e4-assets', <compmake.context.Context object at 0x7f4e4cf709d0>, '139974297663120', False))
parmake_sub_01: result: {'user_object': None, 'user_object_deps': set(), 'new_jobs': [], 'deleted_jobs': set()}
parmake_sub_01: putting result in result_queue..
parmake_sub_01: (done)
parmake_sub_01: ...done.
parmake_sub_01: Listening for job
parmake_sub_01: got job: (<function parmake_job2 at 0x7f4e56f72830>, ('autogenerated.book.yaml-html_ready-f756-introduction_curriculum_github.html-6a79dcaf-assets', <compmake.context.Context object at 0x7f4e4cf2a5d0>, '139974297663120', False))
parmake_sub_01: result: {'user_object': None, 'user_object_deps': set(), 'new_jobs': [], 'deleted_jobs': set()}
parmake_sub_01: putting result in result_queue..
parmake_sub_01: (done)
parmake_sub_01: ...done.
parmake_sub_01: Listening for job
parmake_sub_01: got job: (<function parmake_job2 at 0x7f4e56f72830>, ('autogenerated.book.yaml-html_ready-f756-electronics_soldering_skill.html-af70afca-assets', <compmake.context.Context object at 0x7f4e4c682150>, '139974297663120', False))
parmake_sub_01: result: {'user_object': None, 'user_object_deps': set(), 'new_jobs': [], 'deleted_jobs': set()}
parmake_sub_01: putting result in result_queue..
parmake_sub_01: (done)
parmake_sub_01: ...done.
parmake_sub_01: Listening for job
parmake_sub_01: got job: (<function parmake_job2 at 0x7f4e56f72830>, ('autogenerated.book.yaml-html_draft-b40d-sac2.html-38fa660b-assets', <compmake.context.Context object at 0x7f4e4d2549d0>, '139974297663120', False))
parmake_sub_01: result: {'user_object': None, 'user_object_deps': set(), 'new_jobs': [], 'deleted_jobs': set()}
parmake_sub_01: putting result in result_queue..
parmake_sub_01: (done)
parmake_sub_01: ...done.
parmake_sub_01: Listening for job
parmake_sub_01: got job: (<function parmake_job2 at 0x7f4e56f72830>, ('autogenerated.book.yaml-html_ready-f756-loop_pid_implementation.html-96e89f07-assets', <compmake.context.Context object at 0x7f4e4ce4ca50>, '139974297663120', False))
parmake_sub_01: result: {'user_object': None, 'user_object_deps': set(), 'new_jobs': [], 'deleted_jobs': set()}
parmake_sub_01: putting result in result_queue..
parmake_sub_01: (done)
parmake_sub_01: ...done.
parmake_sub_01: Listening for job
parmake_sub_01: got job: (<function parmake_job2 at 0x7f4e56f72830>, ('autogenerated.book.yaml-html_draft-b40d-computing_pi_bash.html-02dbd102-assets', <compmake.context.Context object at 0x7f4e4c682150>, '139974297663120', False))
parmake_sub_01: result: {'user_object': None, 'user_object_deps': set(), 'new_jobs': [], 'deleted_jobs': set()}
parmake_sub_01: putting result in result_queue..
parmake_sub_01: (done)
parmake_sub_01: ...done.
parmake_sub_01: Listening for job
parmake_sub_01: got job: (<function parmake_job2 at 0x7f4e56f72830>, ('autogenerated.book.yaml-html_ready-f756-localization.html-35628b31-assets', <compmake.context.Context object at 0x7f4e47d0ea10>, '139974297663120', False))
parmake_sub_01: result: {'user_object': None, 'user_object_deps': set(), 'new_jobs': [], 'deleted_jobs': set()}
parmake_sub_01: putting result in result_queue..
parmake_sub_01: (done)
parmake_sub_01: ...done.
parmake_sub_01: Listening for job
parmake_sub_01: got job: (<function parmake_job2 at 0x7f4e56f72830>, ('autogenerated.book.yaml-html_draft-b40d-electronics_circuitry_simple.html-7289b8d3-assets', <compmake.context.Context object at 0x7f4e4cefb410>, '139974297663120', False))
parmake_sub_01: result: {'user_object': None, 'user_object_deps': set(), 'new_jobs': [], 'deleted_jobs': set()}
parmake_sub_01: putting result in result_queue..
parmake_sub_01: (done)
parmake_sub_01: ...done.
parmake_sub_01: Listening for job
parmake_sub_01: got job: (<function parmake_job2 at 0x7f4e56f72830>, ('autogenerated.book.yaml-html_ready-f756-introduction.html-3fed54bb-assets', <compmake.context.Context object at 0x7f4e4ceea790>, '139974297663120', False))
parmake_sub_01: result: {'user_object': None, 'user_object_deps': set(), 'new_jobs': [], 'deleted_jobs': set()}
parmake_sub_01: putting result in result_queue..
parmake_sub_01: (done)
parmake_sub_01: ...done.
parmake_sub_01: Listening for job
parmake_sub_01: got job: (<function parmake_job2 at 0x7f4e56f72830>, ('autogenerated.book.yaml-html_draft-b40d-introduction.html-3fed54bb-assets', <compmake.context.Context object at 0x7f4e4ceea810>, '139974297663120', False))
parmake_sub_01: result: {'user_object': None, 'user_object_deps': set(), 'new_jobs': [], 'deleted_jobs': set()}
parmake_sub_01: putting result in result_queue..
parmake_sub_01: (done)
parmake_sub_01: ...done.
parmake_sub_01: Listening for job
parmake_sub_01: got job: (<function parmake_job2 at 0x7f4e56f72830>, ('autogenerated.book.yaml-html_draft-b40d-introduction_relevance_ethics.html-1e034dbb-assets', <compmake.context.Context object at 0x7f4e4ceeac10>, '139974297663120', False))
parmake_sub_01: result: {'user_object': None, 'user_object_deps': set(), 'new_jobs': [], 'deleted_jobs': set()}
parmake_sub_01: putting result in result_queue..
parmake_sub_01: (done)
parmake_sub_01: ...done.
parmake_sub_01: Listening for job
parmake_sub_01: got job: (<function parmake_job2 at 0x7f4e56f72830>, ('autogenerated.book.yaml-html_draft-b40d-index.html-b6a827c6-assets', <compmake.context.Context object at 0x7f4e4ceead50>, '139974297663120', False))
parmake_sub_01: result: {'user_object': None, 'user_object_deps': set(), 'new_jobs': [], 'deleted_jobs': set()}
parmake_sub_01: putting result in result_queue..
parmake_sub_01: (done)
parmake_sub_01: ...done.
parmake_sub_01: Listening for job
parmake_sub_01: got job: (<function parmake_job2 at 0x7f4e56f72830>, ('autogenerated.book.yaml-html_ready-f756-introduction_template.html-0c9673cf-assets', <compmake.context.Context object at 0x7f4e4ceea650>, '139974297663120', False))
parmake_sub_01: result: {'user_object': None, 'user_object_deps': set(), 'new_jobs': [], 'deleted_jobs': set()}
parmake_sub_01: putting result in result_queue..
parmake_sub_01: (done)
parmake_sub_01: ...done.
parmake_sub_01: Listening for job
parmake_sub_01: got job: (<function parmake_job2 at 0x7f4e56f72830>, ('autogenerated.book.yaml-html_draft-b40d-sac1.html-8357830a-assets', <compmake.context.Context object at 0x7f4e4ceea610>, '139974297663120', False))
parmake_sub_01: result: {'user_object': None, 'user_object_deps': set(), 'new_jobs': [], 'deleted_jobs': set()}
parmake_sub_01: putting result in result_queue..
parmake_sub_01: (done)
parmake_sub_01: ...done.
parmake_sub_01: Listening for job
parmake_sub_01: got job: (<function parmake_job2 at 0x7f4e56f72830>, ('autogenerated.book.yaml-html_ready-f756-sac3_motors_intro.html-a0d75487-assets', <compmake.context.Context object at 0x7f4e4daa6a50>, '139974297663120', False))
parmake_sub_01: result: {'user_object': None, 'user_object_deps': set(), 'new_jobs': [], 'deleted_jobs': set()}
parmake_sub_01: putting result in result_queue..
parmake_sub_01: (done)
parmake_sub_01: ...done.
parmake_sub_01: Listening for job
parmake_sub_01: got job: (<function parmake_job2 at 0x7f4e56f72830>, ('autogenerated.book.yaml-html_draft-b40d-electronics_soldering_skill.html-af70afca-assets', <compmake.context.Context object at 0x7f4e4cb9f650>, '139974297663120', False))
parmake_sub_01: result: {'user_object': None, 'user_object_deps': set(), 'new_jobs': [], 'deleted_jobs': set()}
parmake_sub_01: putting result in result_queue..
parmake_sub_01: (done)
parmake_sub_01: ...done.
parmake_sub_01: Listening for job
parmake_sub_01: got job: (<function parmake_job2 at 0x7f4e56f72830>, ('autogenerated.book.yaml-html_ready-f756-index.html-b6a827c6-assets', <compmake.context.Context object at 0x7f4e4ceea650>, '139974297663120', False))
parmake_sub_01: result: {'user_object': None, 'user_object_deps': set(), 'new_jobs': [], 'deleted_jobs': set()}
parmake_sub_01: putting result in result_queue..
parmake_sub_01: (done)
parmake_sub_01: ...done.
parmake_sub_01: Listening for job
parmake_sub_01: got job: (<function parmake_job2 at 0x7f4e56f72830>, ('autogenerated.book.yaml-html_draft-b40d-sac3_imu_intro.html-0a68eb22-assets', <compmake.context.Context object at 0x7f4e4ceea610>, '139974297663120', False))
parmake_sub_01: result: {'user_object': None, 'user_object_deps': set(), 'new_jobs': [], 'deleted_jobs': set()}
parmake_sub_01: putting result in result_queue..
parmake_sub_01: (done)
parmake_sub_01: ...done.
parmake_sub_01: Listening for job
parmake_sub_01: got job: (<function parmake_job2 at 0x7f4e56f72830>, ('autogenerated.book.yaml-html_draft-b40d-sac1_basics_sensors.html-77f52055-assets', <compmake.context.Context object at 0x7f4e4cf2e5d0>, '139974297663120', False))
parmake_sub_01: result: {'user_object': None, 'user_object_deps': set(), 'new_jobs': [], 'deleted_jobs': set()}
parmake_sub_01: putting result in result_queue..
parmake_sub_01: (done)
parmake_sub_01: ...done.
parmake_sub_01: Listening for job
parmake_sub_01: got job: (<function parmake_job2 at 0x7f4e56f72830>, ('autogenerated.book.yaml-html_ready-f756-computing.html-7de35507-assets', <compmake.context.Context object at 0x7f4e4c5cc210>, '139974297663120', False))
parmake_sub_01: result: {'user_object': None, 'user_object_deps': set(), 'new_jobs': [], 'deleted_jobs': set()}
parmake_sub_01: putting result in result_queue..
parmake_sub_01: (done)
parmake_sub_01: ...done.
parmake_sub_01: Listening for job
parmake_sub_01: got job: (<function parmake_job2 at 0x7f4e56f72830>, ('autogenerated.book.yaml-html_ready-f756-loop.html-6a29187b-assets', <compmake.context.Context object at 0x7f4e4cf2e5d0>, '139974297663120', False))
parmake_sub_01: result: {'user_object': None, 'user_object_deps': set(), 'new_jobs': [], 'deleted_jobs': set()}
parmake_sub_01: putting result in result_queue..
parmake_sub_01: (done)
parmake_sub_01: ...done.
parmake_sub_01: Listening for job
parmake_sub_01: got job: (<function parmake_job2 at 0x7f4e56f72830>, ('autogenerated.book.yaml-html_ready-f756-introduction_relevance_society.html-3942c3e8-assets', <compmake.context.Context object at 0x7f4e4ceea810>, '139974297663120', False))
parmake_sub_01: result: {'user_object': None, 'user_object_deps': set(), 'new_jobs': [], 'deleted_jobs': set()}
parmake_sub_01: putting result in result_queue..
parmake_sub_01: (done)
parmake_sub_01: ...done.
parmake_sub_01: Listening for job
parmake_sub_01: got job: (<function parmake_job2 at 0x7f4e56f72830>, ('autogenerated.book.yaml-html_ready-f756-electronics_soldering_introduction.html-a94dd760-assets', <compmake.context.Context object at 0x7f4e4c3bd090>, '139974297663120', False))
parmake_sub_01: result: {'user_object': None, 'user_object_deps': set(), 'new_jobs': [], 'deleted_jobs': set()}
parmake_sub_01: putting result in result_queue..
parmake_sub_01: (done)
parmake_sub_01: ...done.
parmake_sub_01: Listening for job
parmake_sub_01: got job: (<function parmake_job2 at 0x7f4e56f72830>, ('autogenerated.book.yaml-html_ready-f756-electronics_soldering_troubleshooting.html-4fbaf354-assets', <compmake.context.Context object at 0x7f4e4cf2e5d0>, '139974297663120', False))
parmake_sub_01: result: {'user_object': None, 'user_object_deps': set(), 'new_jobs': [], 'deleted_jobs': set()}
parmake_sub_01: putting result in result_queue..
parmake_sub_01: (done)
parmake_sub_01: ...done.
parmake_sub_01: Listening for job
parmake_sub_01: got job: (<function parmake_job2 at 0x7f4e56f72830>, ('autogenerated.book.yaml-html_ready-f756-computing_pi_led.html-3f17c401-assets', <compmake.context.Context object at 0x7f4e4daa6dd0>, '139974297663120', False))
parmake_sub_01: result: {'user_object': None, 'user_object_deps': set(), 'new_jobs': [], 'deleted_jobs': set()}
parmake_sub_01: putting result in result_queue..
parmake_sub_01: (done)
parmake_sub_01: ...done.
parmake_sub_01: Listening for job
parmake_sub_01: got job: (<function parmake_job2 at 0x7f4e56f72830>, ('autogenerated.book.yaml-html_ready-f756-introduction_relevance_ethics.html-1e034dbb-assets', <compmake.context.Context object at 0x7f4e4cc92490>, '139974297663120', False))
parmake_sub_01: result: {'user_object': None, 'user_object_deps': set(), 'new_jobs': [], 'deleted_jobs': set()}
parmake_sub_01: putting result in result_queue..
parmake_sub_01: (done)
parmake_sub_01: ...done.
parmake_sub_01: Listening for job
parmake_sub_01: got job: (<function parmake_job2 at 0x7f4e56f72830>, ('autogenerated.book.yaml-html_draft-b40d-build2.html-1a701a1a-assets', <compmake.context.Context object at 0x7f4e4dabd510>, '139974297663120', False))
parmake_sub_01: result: {'user_object': None, 'user_object_deps': set(), 'new_jobs': [], 'deleted_jobs': set()}
parmake_sub_01: putting result in result_queue..
parmake_sub_01: (done)
parmake_sub_01: ...done.
parmake_sub_01: Listening for job
parmake_sub_01: got job: (<function parmake_job2 at 0x7f4e56f72830>, ('autogenerated.book.yaml-html_ready-f756-bibliography_part.html-2fe21221-assets', <compmake.context.Context object at 0x7f4e4cf2e5d0>, '139974297663120', False))
parmake_sub_01: result: {'user_object': None, 'user_object_deps': set(), 'new_jobs': [], 'deleted_jobs': set()}
parmake_sub_01: putting result in result_queue..
parmake_sub_01: (done)
parmake_sub_01: ...done.
parmake_sub_01: Listening for job
parmake_sub_01: got job: (<function parmake_job2 at 0x7f4e56f72830>, ('autogenerated.book.yaml-html_draft-b40d-bibliography_part.html-2fe21221-assets', <compmake.context.Context object at 0x7f4e4cc92490>, '139974297663120', False))
parmake_sub_01: result: {'user_object': None, 'user_object_deps': set(), 'new_jobs': [], 'deleted_jobs': set()}
parmake_sub_01: putting result in result_queue..
parmake_sub_01: (done)
parmake_sub_01: ...done.
parmake_sub_01: Listening for job
parmake_sub_01: got job: (<function parmake_job2 at 0x7f4e56f72830>, ('autogenerated.book.yaml-html_ready-f756-introduction_curriculum_editing.html-ce8bd36f-assets', <compmake.context.Context object at 0x7f4e4cdaedd0>, '139974297663120', False))
parmake_sub_01: result: {'user_object': None, 'user_object_deps': set(), 'new_jobs': [], 'deleted_jobs': set()}
parmake_sub_01: putting result in result_queue..
parmake_sub_01: (done)
parmake_sub_01: ...done.
parmake_sub_01: Listening for job
parmake_sub_01: got job: (<function parmake_job2 at 0x7f4e56f72830>, ('autogenerated.book.yaml-html_draft-b40d-introduction_curriculum_student.html-0b9931e4-assets', <compmake.context.Context object at 0x7f4e4d0e5390>, '139974297663120', False))
parmake_sub_01: result: {'user_object': None, 'user_object_deps': set(), 'new_jobs': [], 'deleted_jobs': set()}
parmake_sub_01: putting result in result_queue..
parmake_sub_01: (done)
parmake_sub_01: ...done.
parmake_sub_01: Listening for job
parmake_sub_01: got job: (<function parmake_job2 at 0x7f4e56f72830>, ('autogenerated.book.yaml-html_draft-b40d-sac2_ros_subscriber.html-fbc8b472-assets', <compmake.context.Context object at 0x7f4e4cb49610>, '139974297663120', False))
parmake_sub_01: result: {'user_object': None, 'user_object_deps': set(), 'new_jobs': [], 'deleted_jobs': set()}
parmake_sub_01: putting result in result_queue..
parmake_sub_01: (done)
parmake_sub_01: ...done.
parmake_sub_01: Listening for job
parmake_sub_01: got job: (<function parmake_job2 at 0x7f4e56f72830>, ('autogenerated.book.yaml-html_draft-b40d-introduction_operation_sensors.html-38204960-assets', <compmake.context.Context object at 0x7f4e4cdaedd0>, '139974297663120', False))
parmake_sub_01: result: {'user_object': None, 'user_object_deps': set(), 'new_jobs': [], 'deleted_jobs': set()}
parmake_sub_01: putting result in result_queue..
parmake_sub_01: (done)
parmake_sub_01: ...done.
parmake_sub_01: Listening for job
parmake_sub_01: got job: (<function parmake_job2 at 0x7f4e56f72830>, ('autogenerated.book.yaml-html_draft-b40d-loop_pid_terms.html-9a185257-assets', <compmake.context.Context object at 0x7f4e4ced5250>, '139974297663120', False))
parmake_sub_01: result: {'user_object': None, 'user_object_deps': set(), 'new_jobs': [], 'deleted_jobs': set()}
parmake_sub_01: putting result in result_queue..
parmake_sub_01: (done)
parmake_sub_01: ...done.
parmake_sub_01: Listening for job
parmake_sub_01: got job: (<function parmake_job2 at 0x7f4e56f72830>, ('autogenerated.book.yaml-html_ready-f756-electronics_circuitry_signals.html-971567bb-assets', <compmake.context.Context object at 0x7f4e4d595390>, '139974297663120', False))
parmake_sub_01: result: {'user_object': None, 'user_object_deps': set(), 'new_jobs': [], 'deleted_jobs': set()}
parmake_sub_01: putting result in result_queue..
parmake_sub_01: (done)
parmake_sub_01: ...done.
parmake_sub_01: Listening for job
parmake_sub_01: got job: (<function parmake_job2 at 0x7f4e56f72830>, ('autogenerated.book.yaml-html_draft-b40d-introduction_operation_safety.html-13f72733-assets', <compmake.context.Context object at 0x7f4e4c3bd090>, '139974297663120', False))
parmake_sub_01: result: {'user_object': None, 'user_object_deps': set(), 'new_jobs': [], 'deleted_jobs': set()}
parmake_sub_01: putting result in result_queue..
parmake_sub_01: (done)
parmake_sub_01: ...done.
parmake_sub_01: Listening for job
parmake_sub_01: got job: (<function parmake_job2 at 0x7f4e56f72830>, ('autogenerated.book.yaml-html_ready-f756-sac2.html-38fa660b-assets', <compmake.context.Context object at 0x7f4e4c0bffd0>, '139974297663120', False))
parmake_sub_01: result: {'user_object': None, 'user_object_deps': set(), 'new_jobs': [], 'deleted_jobs': set()}
parmake_sub_01: putting result in result_queue..
parmake_sub_01: (done)
parmake_sub_01: ...done.
parmake_sub_01: Listening for job
parmake_sub_01: got job: (<function parmake_job2 at 0x7f4e56f72830>, ('autogenerated.book.yaml-html_ready-f756-introduction_operation_safety.html-13f72733-assets', <compmake.context.Context object at 0x7f4e4cf2e5d0>, '139974297663120', False))
parmake_sub_01: result: {'user_object': None, 'user_object_deps': set(), 'new_jobs': [], 'deleted_jobs': set()}
parmake_sub_01: putting result in result_queue..
parmake_sub_01: (done)
parmake_sub_01: ...done.
parmake_sub_01: Listening for job
parmake_sub_01: got job: (<function parmake_job2 at 0x7f4e56f72830>, ('autogenerated.book.yaml-html_draft-b40d-computing_pi_led.html-8927cd4b-assets', <compmake.context.Context object at 0x7f4e4c599ed0>, '139974297663120', False))
parmake_sub_01: result: {'user_object': None, 'user_object_deps': set(), 'new_jobs': [], 'deleted_jobs': set()}
parmake_sub_01: putting result in result_queue..
parmake_sub_01: (done)
parmake_sub_01: ...done.
parmake_sub_01: Listening for job
parmake_sub_01: got job: (<function parmake_job2 at 0x7f4e56f72830>, ('autogenerated.book.yaml-html_ready-f756-sac2_ros_publisher.html-5682b989-assets', <compmake.context.Context object at 0x7f4e4da70c90>, '139974297663120', False))
parmake_sub_01: result: {'user_object': None, 'user_object_deps': set(), 'new_jobs': [], 'deleted_jobs': set()}
parmake_sub_01: putting result in result_queue..
parmake_sub_01: (done)
parmake_sub_01: ...done.
parmake_sub_01: Listening for job
parmake_sub_01: got job: (<function parmake_job2 at 0x7f4e56f72830>, ('autogenerated.book.yaml-html_ready-f756-loop_pid_terms.html-9a185257-assets', <compmake.context.Context object at 0x7f4e4cc92490>, '139974297663120', False))
parmake_sub_01: result: {'user_object': None, 'user_object_deps': set(), 'new_jobs': [], 'deleted_jobs': set()}
parmake_sub_01: putting result in result_queue..
parmake_sub_01: (done)
parmake_sub_01: ...done.
parmake_sub_01: Listening for job
parmake_sub_01: got job: (<function parmake_job2 at 0x7f4e56f72830>, ('autogenerated.book.yaml-html_draft-b40d-sac2_sensing_calibration.html-24786173-assets', <compmake.context.Context object at 0x7f4e4d595390>, '139974297663120', False))
parmake_sub_01: result: {'user_object': None, 'user_object_deps': set(), 'new_jobs': [], 'deleted_jobs': set()}
parmake_sub_01: putting result in result_queue..
parmake_sub_01: (done)
parmake_sub_01: ...done.
parmake_sub_01: Listening for job
parmake_sub_01: got job: (<function parmake_job2 at 0x7f4e56f72830>, ('autogenerated.book.yaml-html_ready-f756-introduction_operation_sensors.html-38204960-assets', <compmake.context.Context object at 0x7f4e4cb49610>, '139974297663120', False))
parmake_sub_01: result: {'user_object': None, 'user_object_deps': set(), 'new_jobs': [], 'deleted_jobs': set()}
parmake_sub_01: putting result in result_queue..
parmake_sub_01: (done)
parmake_sub_01: ...done.
parmake_sub_01: Listening for job
parmake_sub_01: got job: (<function parmake_job2 at 0x7f4e56f72830>, ('autogenerated.book.yaml-html_draft-b40d-state.html-737dcb3a-assets', <compmake.context.Context object at 0x7f4e4cf2e5d0>, '139974297663120', False))
parmake_sub_01: result: {'user_object': None, 'user_object_deps': set(), 'new_jobs': [], 'deleted_jobs': set()}
parmake_sub_01: putting result in result_queue..
parmake_sub_01: (done)
parmake_sub_01: ...done.
parmake_sub_01: Listening for job
parmake_sub_01: got job: (<function parmake_job2 at 0x7f4e56f72830>, ('autogenerated.book.yaml-html_draft-b40d-electronics_circuitry_voltage.html-1691e811-assets', <compmake.context.Context object at 0x7f4e4c3c5650>, '139974297663120', False))
parmake_sub_01: result: {'user_object': None, 'user_object_deps': set(), 'new_jobs': [], 'deleted_jobs': set()}
parmake_sub_01: putting result in result_queue..
parmake_sub_01: (done)
parmake_sub_01: ...done.
parmake_sub_01: Listening for job
parmake_sub_01: got job: (<function parmake_job2 at 0x7f4e56f72830>, ('autogenerated.book.yaml-html_draft-b40d-electronics.html-2e64ba18-assets', <compmake.context.Context object at 0x7f4e4ceecb10>, '139974297663120', False))
parmake_sub_01: result: {'user_object': None, 'user_object_deps': set(), 'new_jobs': [], 'deleted_jobs': set()}
parmake_sub_01: putting result in result_queue..
parmake_sub_01: (done)
parmake_sub_01: ...done.
parmake_sub_01: Listening for job
parmake_sub_01: got job: (<function parmake_job2 at 0x7f4e56f72830>, ('autogenerated.book.yaml-html_draft-b40d-wait_assets', <compmake.context.Context object at 0x7f4e47fe6f50>, '139974297663120', False))
parmake_sub_01: result: {'user_object': None, 'user_object_deps': set(), 'new_jobs': [], 'deleted_jobs': set()}
parmake_sub_01: putting result in result_queue..
parmake_sub_01: (done)
parmake_sub_01: ...done.
parmake_sub_01: Listening for job
parmake_sub_01: got job: (<function parmake_job2 at 0x7f4e56f72830>, ('autogenerated.book.yaml-html_draft-b40d-_dynreports_getres', <compmake.context.Context object at 0x7f4e47fe6fd0>, '139974297663120', False))
parmake_sub_01: result: {'user_object': None, 'user_object_deps': set(), 'new_jobs': [], 'deleted_jobs': set()}
parmake_sub_01: putting result in result_queue..
parmake_sub_01: (done)
parmake_sub_01: ...done.
parmake_sub_01: Listening for job
parmake_sub_01: got job: (<function parmake_job2 at 0x7f4e56f72830>, ('autogenerated.book.yaml-html_draft-b40d-notification', <compmake.context.Context object at 0x7f4e4cd50990>, '139974297663120', False))
parmake_sub_01: result: {'user_object': None, 'user_object_deps': set(), 'new_jobs': [], 'deleted_jobs': set()}
parmake_sub_01: putting result in result_queue..
parmake_sub_01: (done)
parmake_sub_01: ...done.
parmake_sub_01: Listening for job
parmake_sub_01: got job: (<function parmake_job2 at 0x7f4e56f72830>, ('autogenerated.book.yaml-html_draft-b40d-_dynreports_getbra', <compmake.context.Context object at 0x7f4e4cd502d0>, '139974297663120', False))
parmake_sub_01: result: {'user_object': None, 'user_object_deps': set(), 'new_jobs': [], 'deleted_jobs': set()}
parmake_sub_01: putting result in result_queue..
parmake_sub_01: (done)
parmake_sub_01: ...done.
parmake_sub_01: Listening for job
parmake_sub_01: got job: (<function parmake_job2 at 0x7f4e56f72830>, ('autogenerated.book.yaml-html_draft-b40d-_dynreports_merge', <compmake.context.Context object at 0x7f4e4d595290>, '139974297663120', False))
parmake_sub_01: result: {'user_object': None, 'user_object_deps': set(), 'new_jobs': [], 'deleted_jobs': set()}
parmake_sub_01: putting result in result_queue..
parmake_sub_01: (done)
parmake_sub_01: ...done.
parmake_sub_01: Listening for job
parmake_sub_01: got job: (<function parmake_job2 at 0x7f4e56f72830>, ('autogenerated.book.yaml-html_draft-_dynreports_getbra', <compmake.context.Context object at 0x7f4e4cb6ec90>, '139974297663120', False))
parmake_sub_01: result: {'user_object': None, 'user_object_deps': set(), 'new_jobs': [], 'deleted_jobs': set()}
parmake_sub_01: putting result in result_queue..
parmake_sub_01: (done)
parmake_sub_01: ...done.
parmake_sub_01: Listening for job
parmake_sub_01: got job: (<function parmake_job2 at 0x7f4e56f72830>, ('autogenerated.book.yaml-html_ready-f756-_dynreports_getbra', <compmake.context.Context object at 0x7f4e4cb6ecd0>, '139974297663120', False))
parmake_sub_01: result: {'user_object': None, 'user_object_deps': set(), 'new_jobs': [], 'deleted_jobs': set()}
parmake_sub_01: putting result in result_queue..
parmake_sub_01: (done)
parmake_sub_01: ...done.
parmake_sub_01: Listening for job
parmake_sub_01: got job: (<function parmake_job2 at 0x7f4e56f72830>, ('autogenerated.book.yaml-html_ready-f756-_dynreports_merge', <compmake.context.Context object at 0x7f4e4cb6e0d0>, '139974297663120', False))
parmake_sub_01: result: {'user_object': None, 'user_object_deps': set(), 'new_jobs': [], 'deleted_jobs': set()}
parmake_sub_01: putting result in result_queue..
parmake_sub_01: (done)
parmake_sub_01: ...done.
parmake_sub_01: Listening for job
parmake_sub_01: got job: (<function parmake_job2 at 0x7f4e56f72830>, ('autogenerated.book.yaml-html_ready-_dynreports_getbra', <compmake.context.Context object at 0x7f4e4cb6e910>, '139974297663120', False))
parmake_sub_01: result: {'user_object': None, 'user_object_deps': set(), 'new_jobs': [], 'deleted_jobs': set()}
parmake_sub_01: putting result in result_queue..
parmake_sub_01: (done)
parmake_sub_01: ...done.
parmake_sub_01: Listening for job
parmake_sub_01: got job: (<function parmake_job2 at 0x7f4e56f72830>, ('_dynreports_merge', <compmake.context.Context object at 0x7f4e4d7b7d90>, '139974297663120', False))
parmake_sub_01: result: {'user_object': None, 'user_object_deps': set(), 'new_jobs': [], 'deleted_jobs': set()}
parmake_sub_01: putting result in result_queue..
parmake_sub_01: (done)
parmake_sub_01: ...done.
parmake_sub_01: Listening for job
parmake_sub_01: got job: (<function parmake_job2 at 0x7f4e56f72830>, ('_dynreports_create_index', <compmake.context.Context object at 0x7f4e4c315750>, '139974297663120', False))
parmake_sub_01: result: {'user_object': None, 'user_object_deps': set(), 'new_jobs': set(), 'deleted_jobs': set()}
parmake_sub_01: putting result in result_queue..
parmake_sub_01: (done)
parmake_sub_01: ...done.
parmake_sub_01: Listening for job
parmake_sub_01: Received EXIT_TOKEN.
parmake_sub_01: saving coverage
parmake_sub_01: saved coverage
parmake_sub_01: clean exit.
